1
1
1
1
1
1
1
1
2
1
1
1
1
1
1
1
1
1
1
1
2
1
1
1
2
1
2
1
1
2
1
1
1
1
1
1
1
1
1
1
2
1
1
1
1
1
1
2
1
1
1
1
1
1
1
2
2
1
1
1
1
1
1
2
1
1
1
2
1
2
1
1
1
2
1
2
1
1
1
1
2
1
1
2
2
2
2
1
2
1
2
1
1
2
1
1
1
2
1
2
1
1
2
1
1
2
1
2
1
1
1
1
1
1
1
1
1
1
1
1
1
3
1
3
1
2
1
1
3
3
4
4
1
2
4
4
4
2
1
4
1
4
1
1
2
1
1
3
1
4
4
1
1
3
1
1
1
1
1
1
2
2
2
4
1
1
4
4
2
4
1
1
2
2
1
1
1
4
4
3
1
4
4
4
1
2
1
1
1
1
1
1
1
4
1
2
1
1
1
1
1
4
1
1
2
1
2
1
1
1
1
4
1
2
1
4
1
4
1
2
1
1
1
1
1
2
4
2
4
2
1
2
4
4
1
4
2
1
1
1
4
1
1
1
1
1
1
1
1
4
1
4
4
1
4
1
2
4
4
2
1
4
1
1
1
1
1
2
2
4
2
1
4
1
4
4
4
1
1
1
4
4
4
4
4
1
2
4
1
4
4
1
1
1
2
4
2
1
4
1
5
5
1
5
2
5
1
3
1
5
1
1
1
2
1
5
1
5
2
5
5
3
1
1
1
5
1
1
2
1
1
1
5
5
1
2
1
1
1
1
5
1
5
5
2
2
5
5
1
1
1
1
1
5
1
5
6
1
6
2
6
6
1
6
6
1
6
1
2
2
1
1
1
1
3
2
3
6
1
1
6
1
3
1
6
6
6
1
2
2
2
3
2
1
1
6
1
1
6
6
1
1
1
6
6
2
6
6
1
2
6
3
6
6
6
1
4
1
1
1
6
6
1
1
6
1
1
1
1
6
6
1
6
6
2
1
6
1
2
1
1
1
6
1
3
1
6
6
2
1
2
6
6
1
1
1
6
1
6
6
2
1
1
6
1
2
1
1
1
6
6
1
6
2
2
3
1
1
6
6
5
1
6
6
1
6
2
2
1
1
2
2
1
1
1
1
2
2
6
6
2
6
6
6
3
6
1
1
2
1
3
1
1
6
1
2
2
3
1
1
1
1
1
2
2
4
1
2
6
1
1
1
1
2
1
2
6
6
1
1
1
6
6
2
6
1
5
1
1
1
6
2
1
3
1
6
1
2
6
1
2
6
6
6
3
5
2
2
1
2
6
3
6
1
2
1
2
3
6
1
6
3
2
3
1
2
1
6
6
6
1
2
6
1
2
6
3
3
2
3
2
6
6
6
1
6
2
3
1
6
1
6
1
1
2
7
1
7
7
2
4
2
2
7
7
1
1
2
1
3
1
1
1
2
2
1
2
2
1
1
7
1
7
7
7
1
2
6
7
7
1
2
3
1
1
7
1
1
7
7
7
2
7
7
1
3
2
1
8
1
3
4
1
1
1
8
1
4
2
8
8
3
3
1
1
8
2
8
1
2
8
1
5
3
2
2
2
4
3
1
6
1
8
2
1
8
3
1
1
8
8
2
2
1
1
1
8
8
8
8
8
1
2
8
1
1
1
2
1
8
8
1
2
1
8
3
8
8
1
8
8
3
1
1
1
8
8
8
2
8
1
8
1
2
3
8
1
4
8
2
3
2
8
3
6
2
2
2
8
2
3
2
2
1
8
5
2
8
2
4
1
4
3
8
8
3
2
2
8
8
4
2
2
1
1
8
8
8
2
5
2
1
1
1
8
7
1
8
1
8
8
8
1
3
2
4
1
1
8
1
8
2
8
8
2
4
8
8
1
8
2
8
1
3
8
1
1
3
2
1
8
2
7
8
8
8
8
4
1
3
3
8
3
4
5
1
2
1
2
8
1
5
8
3
1
5
5
2
8
4
2
8
1
3
1
8
8
1
4
3
8
8
1
8
8
1
1
5
5
1
6
8
2
3
8
2
8
6
3
3
8
8
1
8
8
8
3
8
8
1
8
8
1
1
1
8
2
7
4
8
2
8
3
7
2
8
3
8
5
8
5
2
4
2
4
8
2
10
1
3
9
2
4
8
8
4
2
8
7
2
8
1
6
7
1
2
8
4
2
8
8
5
8
8
2
8
7
3
1
5
10
8
8
8
10
8
3
1
4
2
6
8
8
3
5
8
8
5
8
8
2
2
1
8
8
1
3
3
8
1
8
2
9
8
8
1
3
3
8
15
8
8
8
8
10
1
8
5
5
8
8
3
8
1
1
2
8
7
2
8
5
15
8
8
8
2
3
2
2
8
8
3
1
3
1
1
4
15
4
2
8
8
8
6
2
2
7
1
5
8
8
5
8
8
2
8
8
7
12
8
8
5
8
2
12
2
8
1
3
8
2
8
7
8
8
8
3
8
2
8
6
1
6
2
1
8
2
8
8
8
5
8
7
1
6
4
2
8
15
3
2
1
2
8
8
5
9
8
2
3
7
2
2
4
3
8
8
6
8
1
8
2
4
8
2
8
3
1
8
8
2
8
1
8
4
1
2
2
4
8
1
5
1
1
8
8
4
8
2
5
1
6
8
8
6
1
1
8
8
8
8
4
8
8
8
3
3
1
5
6
8
8
8
3
8
8
8
2
8
7
10
3
8
8
8
8
4
8
3
1
10
8
6
1
6
2
5
6
8
8
8
8
2
3
3
1
8
8
4
8
8
8
5
8
8
4
8
4
8
8
8
6
8
3
8
2
7
4
1
8
1
6
2
8
1
2
8
2
6
9
5
3
12
1
5
4
8
1
4
8
10
2
8
5
8
8
1
8
2
3
2
8
2
8
8
8
8
8
8
9
7
6
2
5
8
5
10
4
8
8
8
8
2
5
8
10
8
5
6
8
13
7
4
8
8
8
3
4
5
10
4
5
8
2
8
8
8
8
13
8
4
8
8
9
8
2
6
6
8
8
3
8
8
6
6
8
6
8
6
8
13
8
8
2
8
8
2
8
6
8
8
1
8
12
8
5
8
8
13
8
1
7
7
9
9
1
2
9
9
9
9
9
9
9
9
1
9
4
2
4
9
2
8
2
9
9
9
9
5
9
12
9
9
9
5
9
4
4
3
9
9
9
9
8
4
2
1
9
13
9
9
4
5
6
3
9
9
7
9
9
9
2
15
9
2
5
9
9
3
1
9
9
2
2
9
4
1
12
9
3
9
9
16
3
1
4
7
9
2
18
9
9
10
9
5
8
5
10
5
1
20
6
13
4
3
10
9
10
10
6
10
10
4
10
10
13
4
9
3
6
10
11
11
3
16
11
11
11
9
6
1
11
7
3
3
11
1
11
1
7
15
11
19
4
11
11
5
13
11
4
22
15
14
11
11
6
11
7
2
5
12
11
1
11
11
1
11
5
1
11
15
5
5
13
2
11
3
11
11
11
28
11
11
11
3
15
11
5
6
7
11
3
10
28
11
13
18
11
11
6
11
5
13
10
11
7
11
9
28
12
11
11
15
1
7
10
11
11
11
2
11
9
6
11
11
9
28
5
11
16
11
11
11
1
6
4
5
11
10
15
11
14
11
4
4
13
4
11
11
18
15
15
5
18
16
23
11
11
10
6
11
11
11
5
11
11
11
11
11
11
10
11
2
11
2
4
20
10
2
14
11
16
11
8
11
1
11
11
11
11
11
11
11
14
11
12
12
13
12
12
3
15
20
12
12
5
15
12
30
1
14
12
16
32
11
8
12
18
16
12
32
2
12
12
12
5
3
12
30
4
28
12
12
7
16
1
12
12
12
12
6
7
12
18
28
12
7
12
12
18
12
17
12
17
12
16
12
28
3
12
12
12
12
12
20
5
9
12
25
32
18
8
12
21
8
12
12
14
12
10
12
12
2
7
32
54
13
7
16
12
18
1
12
30
12
12
7
9
12
12
12
28
21
12
18
12
12
18
21
12
12
30
12
12
12
8
12
12
19
12
12
12
2
3
28
6
11
23
12
27
12
12
21
28
12
12
62
2
12
23
12
17
32
2
12
8
7
39
27
28
2
38
38
39
30
12
12
24
3
12
12
67
12
12
6
12
13
59
6
6
12
12
12
12
67
12
4
28
6
8
12
59
12
12
23
12
12
12
32
12
19
12
7
38
87
13
12
25
12
25
12
12
5
25
12
23
25
32
12
12
23
32
12
12
33
12
12
12
12
12
67
34
34
13
12
12
12
12
27
12
12
12
17
57
12
12
62
12
12
12
5
36
36
40
9
36
1
13
36
36
25
60
87
32
36
32
36
36
36
36
36
36
36
25
36
36
36
25
36
36
36
36
40
40
40
12
40
87
40
40
87
36
40
67
20
40
40
60
40
40
97
126
126
126
126
126
126
126
35
67
126
126
30
126
126
131
126
126
191
126
126
67
126
126
318
318
318
92
318
318
318
124
124
318
318
318
384
384
507
507
507
507
507
507
507
507
507
507
507
