1
1
2
1
1
1
1
1
1
2
2
1
1
1
2
1
2
2
1
1
2
1
2
1
3
4
1
4
4
1
2
1
2
1
3
4
1
4
2
1
1
4
1
1
1
2
1
4
2
2
1
4
1
1
1
1
4
3
1
1
3
1
5
5
5
2
3
1
5
1
5
1
5
2
5
1
5
1
2
1
2
3
5
2
1
1
5
5
3
2
1
2
5
5
2
5
6
2
4
2
5
6
1
6
6
7
2
7
1
7
4
7
7
7
3
8
8
4
1
3
1
8
1
1
1
1
4
5
8
8
8
1
3
4
5
5
2
3
8
2
9
3
9
1
9
1
11
1
5
8
1
2
5
11
4
11
3
4
11
5
5
1
3
4
5
5
11
11
11
12
11
3
2
7
7
5
2
11
8
6
7
1
13
7
20
4
11
1
11
11
11
11
11
11
11
20
22
2
11
11
22
2
13
15
15
15
15
15
15
28
28
24
28
28
2
49
55
55
55
55
55
55
55
55
55
55
55
55
55
55
55
55
