1
1
1
1
1
1
2
1
1
2
1
1
1
2
1
2
1
1
2
1
2
2
2
1
2
1
2
1
3
3
3
1
1
2
1
3
4
1
3
3
2
3
1
1
1
3
1
1
5
4
1
4
1
1
4
4
1
4
4
4
4
1
4
4
1
1
1
1
1
4
2
1
2
4
1
4
3
2
4
1
2
4
3
1
4
3
4
4
1
1
4
4
1
4
4
2
5
1
4
1
1
2
4
2
4
4
2
4
4
4
1
1
1
4
4
4
1
5
2
5
5
5
5
3
5
3
5
3
5
5
3
5
1
1
5
1
2
1
5
5
5
2
6
1
2
1
3
2
6
2
6
6
6
6
5
2
6
2
2
6
2
1
2
1
4
5
4
3
6
6
2
2
8
4
4
9
2
2
5
6
4
2
6
6
2
6
7
1
3
2
6
6
3
6
4
9
9
6
5
5
6
6
15
15
6
6
6
3
5
5
6
4
6
15
8
8
17
6
9
2
3
6
17
17
4
6
4
6
4
6
11
3
7
7
9
13
7
7
3
7
7
7
7
7
1
13
7
15
7
6
7
21
11
10
7
18
15
7
16
20
31
7
18
7
7
7
7
7
7
7
7
7
7
6
23
7
29
31
7
30
7
7
45
7
7
7
7
7
19
7
7
51
7
58
58
45
58
45
104
