1
2
2
1
1
2
2
1
1
2
2
2
1
1
1
1
1
2
2
2
1
2
2
1
1
2
2
1
1
1
2
1
2
1
2
1
2
1
2
1
1
1
1
2
1
1
2
2
1
2
2
2
2
1
2
1
2
2
2
1
1
1
2
2
1
1
1
2
2
2
1
2
1
1
1
1
1
1
2
1
1
2
2
1
2
1
2
2
2
1
1
2
2
2
1
1
1
1
2
2
2
1
2
2
1
1
1
2
1
1
2
1
1
1
1
1
2
2
2
2
1
2
2
2
1
1
1
1
2
1
1
2
1
1
2
2
1
1
1
1
1
1
1
2
1
2
2
2
2
2
2
2
2
1
2
2
2
2
1
2
2
2
1
1
1
1
2
2
2
2
2
1
2
2
2
1
1
1
2
1
1
2
3
1
3
1
1
2
3
1
3
1
1
2
2
1
1
3
1
3
1
3
1
3
3
3
1
1
1
1
1
3
3
3
3
3
3
3
1
1
1
1
3
1
1
1
1
1
1
3
3
1
4
1
4
4
4
1
4
2
1
4
4
2
4
2
1
4
2
1
3
4
4
4
2
3
4
1
4
1
1
1
4
1
4
4
1
1
4
4
2
1
4
1
4
4
2
1
2
4
4
2
2
3
1
2
1
4
1
4
1
2
1
4
4
2
4
3
2
1
1
4
1
2
1
4
2
1
1
2
1
1
1
1
1
4
1
3
1
4
4
2
2
4
4
1
1
1
4
2
2
4
4
4
1
4
4
4
1
4
4
4
2
4
2
4
4
1
4
2
4
1
4
1
1
4
4
4
4
2
4
4
4
1
3
4
3
2
3
2
1
4
4
2
4
2
4
4
3
2
1
4
4
1
4
4
2
4
2
1
4
4
4
2
4
1
1
1
1
5
5
5
5
1
5
5
3
1
5
5
5
1
5
5
1
5
5
1
1
5
1
1
1
1
5
3
1
1
5
1
1
1
2
5
5
5
5
5
5
5
5
5
4
5
1
2
2
1
2
1
1
5
4
1
5
2
5
1
2
5
1
3
5
5
1
1
4
1
1
5
1
5
1
5
5
1
5
5
1
2
2
1
1
5
1
5
3
2
5
5
2
5
1
5
5
2
5
2
5
5
1
2
2
5
5
3
5
2
5
3
5
5
5
1
5
4
5
5
5
2
1
5
5
2
5
5
3
5
5
1
5
5
1
4
1
2
5
1
5
2
2
5
3
1
1
1
5
5
5
5
5
1
5
2
2
1
1
2
1
4
2
1
5
2
5
3
2
5
1
5
1
3
5
5
2
1
1
5
1
1
1
5
2
5
5
1
5
1
5
1
5
2
1
5
1
3
3
5
1
3
5
5
5
1
1
2
5
2
2
1
1
5
2
5
1
4
3
4
5
3
1
4
1
4
5
5
5
2
5
2
5
2
3
2
6
1
2
1
6
6
1
6
6
3
1
3
6
6
6
6
6
6
1
6
6
2
2
6
4
6
6
3
6
6
4
6
1
2
6
2
3
1
6
6
1
6
3
6
1
1
6
2
6
2
3
2
6
2
6
6
1
1
6
6
2
1
6
1
6
1
6
2
6
6
6
6
1
6
3
4
6
1
6
3
6
2
7
6
6
5
2
1
4
4
6
5
6
1
3
3
3
2
1
3
2
5
6
6
6
1
1
3
3
6
6
1
1
6
6
1
1
6
6
6
3
2
6
8
6
3
2
6
1
3
6
1
6
1
6
3
6
1
1
6
2
6
6
2
6
5
6
6
2
6
6
3
4
2
6
1
1
1
6
6
2
2
6
8
1
2
1
1
6
3
2
6
6
6
6
1
6
3
3
6
4
1
1
1
1
6
3
2
2
6
6
2
6
5
6
3
2
6
6
6
2
6
6
3
1
6
6
6
1
1
5
2
6
6
1
6
4
6
6
4
5
6
2
6
6
6
1
6
4
1
6
1
6
6
6
6
3
1
6
2
6
4
2
6
6
3
7
2
4
3
6
2
6
5
5
4
2
4
1
6
6
6
3
6
6
6
4
6
6
6
6
6
6
6
3
4
6
6
6
6
2
6
2
5
6
3
2
2
6
1
4
7
9
2
6
1
6
2
3
5
3
1
2
6
5
6
6
6
1
3
6
2
1
2
6
4
6
4
6
6
6
3
3
6
8
6
4
6
6
6
7
6
6
4
1
1
3
10
6
6
6
3
2
2
6
3
4
3
6
6
5
1
6
3
5
7
5
10
1
4
6
3
4
9
5
6
2
4
6
2
9
6
6
6
6
6
3
6
6
2
4
3
4
6
2
6
6
6
3
5
6
6
6
6
6
2
6
2
1
2
6
7
4
6
6
7
6
8
6
5
6
6
6
6
4
6
6
4
6
1
3
6
6
4
6
5
4
3
2
6
4
2
7
6
6
6
1
4
6
3
6
6
6
1
2
8
6
6
4
9
6
2
6
6
5
3
2
6
2
6
4
6
6
6
4
5
6
5
2
3
5
6
4
6
7
3
6
7
6
3
4
6
9
5
6
6
7
2
4
8
6
2
5
6
6
1
6
6
4
6
6
4
6
6
6
5
6
6
8
6
4
2
6
8
4
6
7
6
6
6
6
6
4
5
5
4
5
4
6
2
5
6
6
6
6
6
6
6
6
3
5
4
9
6
14
7
4
6
6
6
6
6
1
6
5
4
7
6
6
2
6
6
6
1
5
6
6
3
6
6
6
6
11
6
6
2
6
1
5
9
6
6
17
6
6
5
6
4
2
1
2
6
6
6
6
1
6
12
6
8
6
6
13
6
7
12
3
1
7
1
7
3
6
6
4
10
1
8
6
6
16
6
6
18
6
1
6
7
6
4
4
6
6
11
6
6
6
4
6
10
4
6
11
8
6
6
6
6
6
6
8
6
3
4
3
6
4
19
1
1
1
6
14
8
6
6
6
10
6
6
6
6
9
6
5
16
3
2
6
10
6
6
17
6
11
9
16
6
6
6
11
11
4
6
9
6
6
6
6
6
3
6
9
6
6
11
11
11
11
12
11
11
11
11
11
11
11
9
11
5
7
7
6
7
16
18
11
11
11
11
16
17
12
11
11
6
20
11
7
23
11
11
11
13
4
11
7
11
5
8
11
9
12
2
6
11
7
11
11
5
11
7
5
24
8
11
16
25
26
11
12
11
11
24
11
11
11
11
11
11
11
6
11
11
11
12
34
9
11
2
11
12
14
11
11
1
7
6
11
12
11
7
11
11
9
20
11
23
20
11
11
11
10
16
23
25
20
16
15
16
16
16
1
16
16
16
20
16
16
3
15
16
16
16
15
8
16
16
16
16
16
4
13
14
16
30
16
14
16
31
7
16
16
37
5
16
16
16
34
16
16
16
16
26
16
16
16
16
16
16
49
23
3
16
21
16
16
16
25
12
11
16
13
16
10
16
16
16
35
4
16
6
8
16
6
16
16
35
16
3
16
30
16
16
16
16
1
16
16
16
12
16
16
16
16
16
17
13
16
10
16
19
9
16
16
16
37
30
16
16
16
16
16
16
23
19
13
26
23
23
23
35
23
52
38
23
49
50
34
34
34
34
33
23
49
34
38
17
35
34
66
34
34
34
34
34
15
51
18
16
34
34
15
34
34
34
72
8
29
34
14
34
34
32
34
9
19
34
34
62
71
56
28
82
34
34
41
34
34
71
34
58
66
82
82
139
144
34
34
75
34
111
34
34
34
144
167
312
34
124
34
105
125
418
418
418
418
543
543
668
668
