0
32
902
0
458
0
0
340
0
0
274
0
0
0
274
0
0
216
0
0
284
0
0
0
0
0
0
0
0
642
354
0
0
0
0
720
0
0
0
0
0
848
0
0
0
0
0
0
0
0
0
0
0
0
0
388
907
0
0
784
0
387
0
0
0
976
0
0
1748
0
0
891
0
0
0
936
0
0
0
0
0
0
0
828
0
0
0
0
0
0
0
0
0
0
325
0
0
0
920
0
0
0
0
636
0
0
1518
0
0
0
448
130
0
0
964
1412
0
0
0
1301
901
592
0
0
0
976
0
0
117
0
1469
0
303
592
626
0
0
85
0
0
0
0
0
0
0
0
571
913
0
0
1530
0
0
0
0
891
984
51
912
838
0
0
374
0
0
0
0
0
1009
0
0
1613
0
0
0
0
0
803
0
0
274
0
0
0
0
205
0
0
0
0
817
0
0
380
0
1567
0
587
0
0
522
1884
0
870
85
277
997
0
0
0
1631
479
0
191
0
30
496
0
319
0
0
632
0
0
0
256
0
0
1258
0
0
866
0
685
476
0
0
0
0
579
0
0
6
0
0
0
0
541
0
545
0
115
669
1937
0
0
1491
903
1529
0
0
955
415
0
937
861
1380
628
0
0
0
1319
0
0
0
874
0
777
398
1936
0
410
0
0
0
0
0
0
0
0
848
0
610
0
0
798
798
957
0
0
0
0
0
0
891
170
629
0
0
0
908
380
0
262
1131
0
0
0
0
0
1367
946
0
467
0
0
0
759
861
874
415
467
0
0
0
0
754
0
0
951
0
0
0
947
0
0
0
0
364
0
0
0
463
0
0
1112
0
0
1217
263
0
1493
491
0
0
364
0
0
0
0
0
0
1171
886
643
1229
856
0
0
0
0
535
1319
0
1112
0
0
1633
550
272
645
0
330
1010
0
16
1690
336
0
203
635
0
0
0
0
0
624
957
731
1172
0
0
574
731
231
501
607
0
0
0
0
0
2060
1567
365
624
0
1324
0
0
20
277
0
51
0
0
945
0
802
298
477
763
1660
0
0
0
665
0
532
188
1810
0
0
0
850
0
387
95
9
670
1801
0
846
1312
628
0
0
0
0
869
68
957
0
0
0
0
0
0
0
685
1295
906
1074
0
1106
0
803
231
95
704
0
374
1380
0
831
844
0
0
1336
1605
272
0
0
0
1894
352
0
312
1806
3641
1768
0
856
802
0
2343
0
1105
322
0
0
0
690
0
0
545
0
0
1957
0
986
1694
1381
0
2184
378
0
1327
0
0
0
0
0
2550
267
1111
0
1529
0
330
828
0
218
278
1660
0
1380
642
673
908
1014
0
0
0
0
1593
218
961
0
1688
1776
0
95
0
427
581
0
0
0
0
1593
0
536
0
1957
0
628
2304
0
0
1776
0
47
0
568
0
0
418
0
844
239
714
0
488
2640
929
856
427
0
720
642
2296
0
0
0
0
0
596
2048
0
681
1344
644
615
596
1271
106
0
1024
653
471
0
766
752
1813
82
0
554
0
856
488
0
373
1014
386
0
653
0
467
0
0
1036
1014
0
2509
1731
0
2162
1578
352
0
0
427
908
277
955
0
0
0
0
0
1415
909
1454
0
986
312
771
0
0
1220
532
0
0
0
686
873
0
102
501
0
0
976
0
690
36
0
1543
0
906
0
1231
82
268
203
2085
659
1569
0
1816
821
0
907
0
1861
246
925
430
0
0
992
659
1416
0
0
1079
843
627
2140
0
629
0
988
0
0
1694
576
272
0
0
272
550
1708
0
913
1341
818
598
81
119
1633
2176
999
629
744
610
0
0
838
1974
0
861
913
1301
45
0
976
0
2145
0
1632
487
203
952
0
0
239
759
460
807
0
0
432
2953
0
598
986
886
543
0
0
831
0
610
0
0
850
262
0
2109
0
530
1448
1277
898
6
1403
0
2383
1459
0
0
0
0
1976
1012
80
879
527
0
986
923
642
257
0
148
332
946
0
0
835
984
1469
0
786
784
771
0
477
95
65
0
2692
1106
0
0
1477
582
173
201
2189
0
0
0
0
1688
979
835
1106
0
0
0
964
143
0
786
1052
371
763
68
907
0
1398
1244
839
1633
0
2240
581
107
0
1700
1141
82
756
0
0
191
216
791
1896
0
767
231
0
1823
2679
346
0
643
201
60
1961
0
1443
1031
166
1967
0
513
0
759
1256
447
0
60
1087
577
0
47
964
166
36
0
27
0
731
8
1703
532
0
0
278
1388
0
1388
2099
45
870
1347
201
0
510
857
907
2383
0
1839
829
127
0
165
1139
1271
1144
907
1762
0
2648
2377
0
1223
0
1041
166
0
885
879
0
220
0
1896
0
0
0
4
496
624
0
850
1369
928
0
908
1502
36
1649
0
607
0
3184
0
2197
1402
607
0
207
0
0
0
1018
0
203
1637
2713
0
474
0
1631
868
0
1415
0
1839
998
2598
80
1060
198
0
0
1512
0
198
1377
173
0
776
577
542
1448
1133
215
1839
0
466
85
0
929
0
0
0
1276
0
1116
1691
874
95
857
1601
1669
0
998
0
1403
0
540
752
1564
0
0
510
0
0
749
1239
0
0
1306
291
1145
0
1273
0
1974
80
1167
1382
0
1490
0
0
744
1446
439
0
838
122
415
85
2238
795
781
0
959
454
0
0
596
0
51
1833
39
1434
216
0
1732
426
0
371
464
908
0
945
706
2679
0
652
1512
0
1465
303
0
685
587
0
1927
253
287
131
0
380
669
1984
1136
712
562
776
686
998
415
0
766
435
62
1978
779
1800
0
0
629
0
0
1257
0
1382
858
0
291
389
62
618
693
0
2334
131
0
903
1100
4743
879
874
532
0
1411
906
2475
477
278
1562
1388
1535
627
0
350
907
0
0
257
714
0
717
1021
0
942
283
345
881
1898
642
720
997
968
754
979
1501
1838
3478
987
364
1382
106
0
1541
2640
0
1058
913
879
2953
0
1014
0
0
714
1530
540
669
1637
1716
0
2796
767
2215
322
0
60
0
2598
325
0
1341
1053
717
906
2359
477
483
1435
796
1275
0
1123
2638
817
0
1171
1806
1125
0
857
568
0
701
0
8
371
425
210
638
1783
1701
407
2402
1103
49
1483
2118
0
0
374
0
646
119
945
1574
106
128
0
55
0
0
680
835
984
0
1393
2989
865
1544
1990
1093
1062
0
1562
1092
166
1269
1078
754
1258
0
7188
913
63
1843
610
582
0
0
0
1313
0
830
0
920
1491
690
0
1965
0
861
0
285
0
601
309
1393
1312
763
0
1631
0
0
629
