0
625
963
0
0
0
0
0
0
0
0
0
0
0
589
0
288
88
0
52
0
295
0
0
0
0
0
380
0
0
928
97
2
993
0
0
425
589
0
806
0
0
85
1465
1048
0
0
0
0
0
356
947
636
833
0
0
0
1667
0
696
223
891
0
880
0
116
0
0
0
358
380
51
0
756
385
310
0
0
0
0
0
0
0
0
0
116
34
896
0
1836
0
0
1019
960
591
0
0
0
0
118
0
1674
0
823
0
131
0
963
0
196
0
380
0
0
0
0
846
0
0
0
13
334
0
0
847
1483
0
0
0
756
722
1043
952
561
0
0
86
896
1664
0
297
1160
1933
0
0
127
1800
927
0
0
127
0
0
838
0
0
1135
937
256
2645
86
416
735
0
0
296
199
832
1222
798
0
1077
1674
1162
851
302
992
0
806
1968
388
197
72
0
722
0
0
131
915
0
1160
0
116
0
0
1756
123
1556
262
0
800
0
173
0
596
0
0
0
0
2480
87
896
731
756
937
465
203
2157
771
1278
0
0
0
895
1385
0
2667
742
534
0
1579
1795
2008
119
629
1543
0
2645
761
0
521
549
162
0
82
17
0
2670
709
0
1836
1051
1258
0
334
791
895
894
927
1187
0
837
0
1031
960
0
373
458
825
0
1962
936
1261
1258
0
1664
1095
0
986
3021
3033
195
927
1179
0
0
0
0
1887
1612
534
3188
391
596
854
176
0
1222
1720
0
373
2616
0
986
787
861
908
1764
162
1643
2879
948
0
1490
2497
0
0
0
177
693
2707
2345
750
425
0
0
2159
0
1105
738
298
85
0
0
938
3021
0
589
772
851
624
0
1271
0
351
118
0
2064
732
654
0
1517
1541
1433
771
0
0
1229
0
447
2846
687
531
342
1626
2853
418
761
0
0
2057
1454
1547
1229
0
567
0
1765
1031
72
0
0
3041
925
922
0
811
1123
133
1630
567
2614
687
1602
0
0
938
1705
596
2495
198
1912
934
811
1128
572
1872
1801
559
1063
834
0
1893
440
1104
0
1403
1261
947
1811
766
2509
0
904
829
0
624
0
3542
301
721
1688
905
3283
1229
544
3395
1117
334
969
0
1104
3203
806
0
1848
2988
915
476
988
446
0
1010
1665
269
524
896
119
787
0
2414
0
1261
1258
2424
427
855
0
0
1981
771
516
754
3395
1854
2002
1410
0
1027
82
0
662
1822
447
4730
1411
198
1404
870
0
2277
619
851
2616
625
1011
679
1465
3223
1199
443
0
766
0
305
0
348
1670
1643
1836
1524
31
2174
334
2047
305
2601
2798
1339
1200
1314
1135
2548
0
138
0
1016
1665
1465
4452
0
0
0
1757
808
180
208
1044
158
1452
629
665
3120
907
1169
1208
564
111
4447
0
215
1025
925
180
2228
1555
855
0
1560
866
0
2818
768
637
599
235
1803
1990
0
1602
938
5
297
0
1208
0
0
1675
2020
123
4413
2292
312
3113
911
836
250
1714
0
847
1449
116
0
806
3734
320
0
31
896
832
0
31
2207
93
1027
1648
1366
1888
1732
1312
2870
2002
1695
111
883
2877
118
1027
1547
3395
784
36
2601
1827
1953
826
1142
1047
1192
1974
2041
2576
1128
270
2553
602
1966
320
1640
468
0
322
272
2914
0
312
3478
1661
1539
1648
0
1859
961
4528
892
2060
270
2973
992
290
3166
2602
1766
2247
1326
924
687
700
2553
549
369
1762
905
1345
3053
943
4044
1702
1511
1073
2077
1501
766
1176
1907
1643
1777
615
1518
1454
1009
567
1236
1836
473
3395
1578
2211
711
0
1027
235
1331
4124
671
939
1821
1043
618
1507
2519
1926
765
0
2344
1055
1183
1998
791
845
721
2400
3058
1284
2721
2222
0
272
47
599
1355
307
1831
1617
334
3
676
689
2282
1043
444
1382
3419
1134
0
1525
3395
1948
599
866
3168
5547
5
4447
838
1355
2349
1764
0
1725
0
0
0
1591
141
808
995
0
1612
0
1436
2517
695
932
0
3688
960
711
303
2501
0
408
0
1318
645
1570
1697
307
2003
1582
1355
2139
3143
2193
2173
2485
1234
2222
581
2192
195
2382
203
2207
1325
1838
0
2402
939
1140
3354
1719
2854
3056
2207
1980
1329
2715
3066
2676
2553
2881
1196
2525
1045
614
2284
315
1660
250
4245
2414
0
2207
2027
528
2352
224
959
1777
3728
47
1329
918
3056
1424
694
1108
3971
0
2846
302
0
1365
627
0
702
1534
635
1714
3920
1812
483
1191
1345
969
2292
2854
1263
5403
5671
1010
1507
693
1568
1240
1633
2846
93
3120
2198
4978
2135
3935
1893
3056
2196
3988
3599
3300
2182
1981
0
5
1617
468
957
127
83
0
1676
2823
1893
636
2953
2284
1864
0
1063
1864
1866
1909
4703
0
2143
3867
1055
948
0
0
1221
149
1024
1043
985
866
2382
2116
4298
1451
917
3534
0
3342
348
2234
2432
0
477
689
1364
1777
1050
816
1957
1156
1507
1096
2387
893
2668
1090
1962
418
2231
1642
871
0
3559
2160
281
1584
3127
1859
5772
1411
3534
4460
4431
2861
290
2162
1191
1741
2766
527
401
859
2619
465
2821
1010
2503
2159
735
1764
2561
2282
0
988
628
3500
2024
1777
478
425
1703
1144
6257
0
558
3632
2584
1877
2719
2714
1219
2965
923
842
1194
2159
3802
5032
3015
1893
829
1336
4052
1375
1430
2274
4153
1134
408
4583
3198
2027
1415
315
111
1402
621
4034
1517
3924
976
2394
1181
1758
485
4132
215
988
220
0
3494
1452
2332
1336
3749
457
2402
1780
1447
1194
493
1217
1611
2274
1224
2030
0
1834
2823
2017
3494
537
969
1592
1833
2394
473
1838
6294
1741
1042
789
3264
1228
1443
1120
2318
2562
857
3093
4539
1469
3633
3184
752
1797
2128
1509
3400
3438
686
1893
2241
3632
2088
1826
2074
3184
27
6058
1051
743
1386
1368
468
5271
3181
0
1061
3929
2111
791
281
5200
1082
693
304
1258
1072
808
6688
2014
2450
3288
1925
3600
2241
1089
780
3694
0
398
608
2510
3366
3106
2951
5902
1159
3669
5
4575
0
1460
4575
0
812
2613
879
2045
4276
1973
2729
2225
4007
3158
1573
0
3617
1678
3339
2813
2856
3214
2168
344
2962
1228
5039
2
2563
0
3849
2790
3277
1584
2402
921
2757
2562
890
1115
0
1664
1588
1036
2603
478
220
2668
5667
1144
352
2102
2301
1298
771
1996
2856
949
4282
4346
1348
752
0
6105
2402
2332
2007
1709
2302
3423
1508
994
3158
6242
3040
4044
241
7239
3624
2585
2062
92
72
5333
848
2027
715
2414
4107
832
1973
6815
0
1082
1592
921
2877
1482
3360
6013
4420
754
2245
3649
2074
2442
1758
3334
3204
1329
4226
1115
2542
1578
0
3142
388
1452
1617
2474
6704
1981
2560
5119
0
2657
1041
2526
1331
2558
5205
1893
3396
6704
1713
5815
3244
5548
2694
5586
3826
2538
1456
0
315
3811
3244
5313
556
2173
6965
1115
3542
1778
1032
4943
1158
3790
5534
1675
1856
3139
3990
4327
923
4046
3092
2676
2836
5867
1446
4831
352
1841
4405
1211
3394
388
871
1667
4123
4197
5029
2308
187
5429
5695
3094
1592
2182
1398
2018
5269
1280
3277
1402
1024
4321
4323
1799
4016
2873
1642
2701
3701
3395
2581
2065
1026
1258
2909
3413
2180
3366
1473
1952
1113
4528
2668
913
2685
951
2154
3830
4084
1592
633
3442
4214
619
4409
823
2143
3194
4753
1399
1191
3088
2485
6320
4751
1452
1133
1334
0
1658
3408
831
3363
3825
1014
863
2530
1671
2543
3445
1101
1841
2070
4967
1414
2417
949
2740
4088
5345
3475
5352
1043
2262
3371
2239
779
6526
792
1783
4884
3196
3291
3803
