89
0
0
352
91
0
0
0
0
0
972
0
929
0
0
0
0
0
0
494
122
0
369
0
0
0
0
298
0
875
0
238
0
886
0
0
0
622
0
578
0
1010
791
720
0
0
0
0
0
573
0
0
1266
0
697
15
0
0
0
473
0
883
811
681
52
0
990
0
1046
749
312
0
0
0
0
1578
0
0
2442
0
0
0
651
473
91
0
0
0
573
182
0
0
0
956
0
0
0
829
0
619
0
727
1535
0
0
0
0
0
137
2134
0
364
0
1028
0
0
0
0
0
1329
0
0
0
0
0
0
475
0
1061
560
504
825
0
0
0
86
0
1455
0
0
0
249
449
0
1586
0
37
340
215
0
799
0
1055
0
0
0
215
0
2543
0
0
482
0
0
238
573
0
0
0
353
0
510
0
73
994
449
249
376
0
0
1645
368
697
0
147
0
147
0
1919
0
137
0
2166
0
523
0
0
0
0
0
0
1561
0
0
658
268
368
0
788
348
628
0
0
4
0
1665
0
720
256
846
1039
340
0
0
1113
0
0
0
0
0
0
0
0
0
0
823
2086
0
0
0
1083
122
0
702
2026
0
0
0
887
0
0
0
464
887
668
0
0
1644
0
0
0
0
0
0
1660
326
1358
0
0
858
0
1711
903
147
0
285
0
1168
3
1371
285
2417
893
447
779
922
241
0
0
815
0
0
1039
0
25
1645
0
0
0
0
0
0
1073
208
348
0
0
0
473
79
973
685
0
439
535
0
0
0
0
623
0
1152
473
0
1403
0
639
0
824
0
0
0
218
0
1146
0
0
1040
913
0
1527
1052
749
1307
1168
528
34
0
3
392
0
0
188
1482
0
0
937
876
1047
1455
0
751
271
514
1468
1246
1477
922
931
1061
0
1262
0
0
910
369
0
777
597
0
1239
978
0
2745
3184
138
972
0
0
1182
0
0
0
3574
902
0
794
799
1372
164
510
0
118
461
1919
0
1154
0
0
1050
627
523
1050
1506
0
0
0
2633
1882
235
1076
112
0
86
0
323
1115
232
464
894
1421
210
0
0
0
0
1152
0
946
988
1110
0
0
1886
52
2344
0
668
0
0
320
0
1268
0
392
651
0
332
2117
2633
1519
0
914
932
0
969
862
960
474
0
0
553
915
1695
0
0
138
4
882
0
683
0
294
323
2586
789
866
1630
1529
3217
586
143
466
212
1407
466
0
0
0
1118
509
747
0
79
0
175
1358
445
689
676
0
2106
0
1623
1511
2132
1469
973
368
681
0
473
1248
1914
2521
0
0
82
509
0
990
577
626
690
1526
847
0
1360
533
2981
660
0
1551
1157
235
725
1470
862
0
690
507
0
75
799
0
332
2402
1281
0
803
1306
649
0
996
660
0
0
0
2899
367
1746
956
0
230
618
0
0
0
0
0
495
703
195
0
588
964
176
0
777
619
1609
1163
1306
1649
368
1741
1064
1221
990
473
510
382
1306
97
770
969
784
1010
586
1489
0
0
2851
411
974
439
75
0
2421
1715
1172
1268
0
0
0
1983
283
0
1041
260
0
468
0
865
1887
0
73
768
613
0
1320
86
0
266
0
0
727
714
225
458
560
1609
451
800
1385
1627
4425
212
1806
2015
332
1457
405
965
1578
1272
2428
1855
1395
2657
0
0
1163
1638
55
0
871
896
1231
4469
1264
542
2032
1072
0
806
4600
0
0
0
1387
2413
367
1275
0
1881
1058
0
195
823
520
1711
997
0
398
0
5826
212
2718
0
0
247
0
0
0
962
1146
851
0
1556
1004
2336
792
2913
0
707
14
583
724
789
100
507
0
784
171
312
962
200
733
1609
1851
0
149
622
0
1752
1153
2352
0
1008
913
0
0
1536
0
241
4
555
0
0
646
1306
1636
698
0
1694
0
511
431
0
0
990
900
1745
1536
1003
459
2540
0
324
644
1448
471
1054
1098
2427
1867
0
2009
2821
218
0
2124
739
369
1471
681
104
401
648
1127
449
1929
0
1519
1448
0
1287
2307
564
0
2149
727
218
748
941
0
1040
1022
2392
1314
1887
81
515
1272
1806
698
272
215
755
471
1062
284
348
2168
1808
994
1692
0
0
37
1925
0
2010
1523
1039
458
1047
515
0
641
3573
989
0
661
632
851
1044
188
0
392
505
1776
0
2072
0
1485
2718
1040
1
679
729
0
314
0
740
1019
572
269
1529
464
873
1069
1083
1301
622
1489
4
0
0
433
858
2289
0
0
1867
897
3252
426
320
0
1272
2064
2221
544
3065
218
1489
0
3189
959
826
0
2098
2127
3141
477
0
0
200
2586
1244
1014
1257
120
1385
1867
683
0
842
1574
1127
0
3547
1741
1067
851
100
75
3031
2412
2474
866
1350
0
2390
495
194
1651
974
900
6045
1062
0
1275
791
633
1316
0
4385
1686
86
0
320
411
2525
3798
0
253
0
449
1499
2067
651
0
310
1297
407
794
515
3237
851
137
1047
3190
1538
971
984
495
2179
1826
391
2914
0
2539
1144
3501
2965
970
3007
847
433
2741
2937
1256
77
718
2925
2349
37
670
967
1914
801
3061
1600
0
4376
913
0
2293
559
348
515
3031
1925
0
471
1430
0
791
1638
6452
820
1114
785
2935
802
480
0
2402
2051
76
382
1191
2570
1229
470
1675
619
1944
668
218
272
0
306
1214
3460
978
3068
866
279
1621
4996
2914
0
88
4161
956
990
826
343
266
1751
1616
1554
161
2132
1303
1098
887
842
1706
0
4329
833
1133
43
866
194
0
1082
3333
2118
648
1044
664
292
794
1866
672
871
1795
649
3120
0
1909
1899
0
0
1540
68
681
2657
2309
2985
0
16
481
343
2797
1871
2149
0
1153
0
1509
670
1024
1686
1073
407
772
0
1565
1648
3413
1911
1055
0
598
1015
0
1154
471
1535
1025
676
5099
755
3608
668
985
746
1753
946
0
76
3371
0
0
649
1040
985
2282
896
1426
482
0
950
992
647
964
195
0
990
1640
2853
1469
1088
2853
2283
2160
0
1274
1595
3513
714
0
340
874
4379
470
1694
1493
2168
1747
1414
364
2570
1083
1316
714
1110
0
0
0
510
717
1168
2155
4996
2071
1866
4412
2039
815
0
477
4454
2050
291
698
333
1864
2051
2375
1750
746
718
238
1309
0
2144
3515
852
800
3365
104
1875
1554
2290
2106
1233
0
0
1709
0
1522
2139
1314
2361
521
1100
1715
2187
50
737
1520
874
3979
2797
3833
0
0
2119
1571
135
1898
1523
1307
1825
2203
3954
1233
1010
2092
88
1223
1262
1722
1443
2026
3315
664
288
543
235
1210
0
951
5105
2127
510
543
1844
3515
1334
698
252
1446
664
747
1628
2427
0
161
971
2161
3523
1797
0
0
0
1436
985
2323
0
1621
659
521
1177
1605
8294
1107
0
606
1233
1493
1
5415
1070
673
218
3165
626
1073
3172
581
2039
1042
614
0
2189
135
22
655
2050
2623
2886
1767
980
846
2333
1609
2183
1807
994
1201
2219
59
0
0
2630
0
964
578
42
88
1724
1281
2126
0
195
3132
521
3326
358
3276
1368
2570
1518
2308
0
2620
268
610
3147
1380
1254
1228
852
2048
1823
2589
2085
1430
2039
3608
0
495
2042
