432092
295411
497601
384980
358639
387502
419134
408954
511198
519395
477588
450763
387730
309643
512733
283597
293403
484247
409976
378568
426157
343585
338524
238721
489125
432505
346253
460917
523580
450653
295030
301327
283041
333651
431886
376086
388401
484827
400167
264814
444822
336106
264895
388369
365506
552047
488251
515204
330496
414554
398292
442751
428319
307970
270900
366963
483866
613542
386985
439828
358639
371991
455918
403017
344392
462505
451530
371462
292392
359559
336112
362877
309990
442984
466323
455918
427492
297877
329310
471308
446691
366963
261302
408954
498338
392554
486371
245209
513726
455918
378711
416169
387502
456462
399966
451530
332639
359559
333209
321296
450815
480839
415253
302120
456462
422278
371462
533683
366298
534364
407230
391860
498338
400948
612731
288683
387502
429466
410283
389590
308090
567221
409976
422664
417481
381974
414554
419068
513726
328993
421493
533924
380745
471172
557679
466961
522845
294983
409347
411189
361993
271040
372938
359559
365353
387502
370129
385704
331152
467379
306050
346273
400167
405042
468994
383023
421166
292793
344606
420466
456462
591930
418424
323168
333651
370432
375736
450736
342149
519359
456594
308090
388401
478298
427507
453223
427492
484827
359532
354238
323820
423595
549933
450372
245825
532374
409976
372938
410283
421493
490468
343897
274909
509862
351560
509862
416169
357141
529354
400240
489154
484827
440539
370194
389925
515204
427825
264739
410283
343897
310009
357141
333202
303787
497862
457872
370129
394371
599415
344606
460484
307030
424283
423595
370533
366081
578921
344606
482504
458929
367213
257594
410283
340593
296485
419134
431745
371991
452818
380745
378568
388401
317396
442851
263885
333651
359559
365506
414554
409347
488786
327096
302120
488786
428811
350603
448598
399966
365506
590484
307030
398339
287168
343897
412457
400240
394371
468173
450763
420766
344392
318872
370194
307030
457872
432092
392106
421161
466219
437363
505215
468173
327911
500350
289288
402225
577478
434285
292793
448650
354182
365506
394402
457711
266665
351151
494254
488786
450736
515534
343897
452818
460917
515217
522684
339710
422690
429466
432526
539682
395582
356043
399966
274031
402225
325136
474780
420766
356064
491090
442851
489125
309990
497723
345536
478355
394402
468173
423223
371991
440539
387502
321296
389925
344606
296472
385704
321837
493304
267004
296485
327911
365355
445479
400948
402225
445482
420466
539682
551100
450653
497464
366963
526361
305130
497601
366298
295411
385749
300234
544827
395476
360316
309643
450815
333202
467379
310643
449619
554721
394371
331152
466961
359532
399843
292392
330496
286568
395855
379411
422690
548894
345064
451530
340467
312101
389590
489154
308820
497862
450815
387502
562602
374184
404432
552693
422308
342111
584837
478730
448650
492400
391336
340703
342111
299214
318254
518369
392622
287168
399966
342111
432526
385704
421166
403017
369388
449619
414178
449619
425856
484827
384980
415199
405481
395855
306050
407222
462805
376086
389590
308820
394402
418424
326425
294976
376086
372938
300234
544944
445479
374184
466323
366081
350603
464515
363683
252815
299243
332809
489125
385749
453750
457354
343585
303869
510779
376086
329482
565361
362437
398292
475100
315703
462505
434285
302120
355315
313240
395582
385749
449361
471172
408954
276375
369388
467379
469406
484247
360316
527620
519359
342149
419068
388369
297877
416169
317463
532898
436326
467379
529354
432505
478730
467379
518369
349638
331152
351151
425856
456594
529496
300234
336019
438172
391336
515534
491220
485140
445479
366298
382888
292392
263885
295381
409347
446691
422664
519359
271077
504200
405247
417481
427157
288683
423595
289668
544827
307970
362877
376086
415797
315983
335811
332639
406740
417481
427825
510972
391336
477588
421166
270900
572417
472308
363683
348476
398028
392106
374789
359992
444822
475541
483207
506940
300633
263047
374789
350603
460917
408954
323168
264739
343585
371991
332639
437363
300234
346253
319497
510779
494254
392106
327911
445482
391860
315703
532374
559500
460484
363254
365060
362877
486371
473575
361993
468173
412457
402225
437363
323820
464639
440539
408954
273160
497723
332247
381823
387730
518688
321837
384980
381034
415797
365265
457711
391336
469870
562528
419068
461422
369388
442984
359532
330496
405042
379411
264814
336019
497862
364115
354238
437363
409347
371991
547226
475541
475100
296485
420466
340593
293038
449619
378291
346253
448957
446691
377022
400535
461575
377022
260851
449619
407222
498963
316919
395476
431745
383102
356064
371991
356043
361993
279447
432505
532634
313240
279022
483866
248124
391336
482504
448598
395582
346253
411715
391344
366298
402225
383345
491801
427507
260851
467379
395659
287623
429440
469870
370129
407222
365506
371991
356458
258707
400167
414178
363683
467379
423595
420766
552236
387502
422664
407222
422278
450736
473211
333202
324006
400167
419068
340593
336638
365353
345064
490468
318993
488251
478730
477588
426157
515534
345064
450372
405481
307769
283041
510972
394402
385749
323509
466323
290371
309801
415253
388369
481117
472678
320182
365355
489125
516495
569423
326530
336870
381034
431745
451530
323820
532374
482504
446691
428811
343550
456263
423223
313240
314254
432096
419134
398028
461422
429440
414554
400167
335753
408899
366963
339710
449619
345260
381823
302898
365020
551664
445479
379794
292793
365060
350603
280120
457872
478298
363683
308090
351151
397050
489125
445482
480839
408646
463591
293969
383345
404452
398028
415253
330496
336870
387502
429466
464515
361993
448598
332639
332639
409347
346273
288516
450473
379411
324006
363683
230946
337549
274834
318254
292610
313997
365355
517876
290371
502092
400240
365060
274031
356458
357141
455918
408831
385704
366963
491090
475541
277546
477588
335811
509862
370129
592375
432505
479955
232749
336112
379794
365506
389590
308820
346273
371991
450815
529496
431886
340593
467240
407222
455918
562410
345142
372938
446691
345536
544788
581946
495874
267004
541106
370141
453750
284936
360735
361993
442984
446691
479955
427492
440223
307970
386831
515738
282983
437363
406740
515738
307030
461422
532374
363254
204430
374789
461422
392554
432505
532374
497723
308090
363683
291828
400240
420466
300234
381823
323168
472025
436326
376086
483866
398028
308090
420466
371462
551100
483207
376086
397252
370533
415253
596624
421161
444822
515534
375736
313997
321837
439828
394402
299214
415199
340703
484827
422690
362877
404432
432096
460484
429466
318254
343550
394371
378568
333651
386985
448957
350603
528759
374789
482504
482504
261534
405508
343585
399966
419134
515217
383102
466323
533918
467240
429466
356253
211281
472025
377022
424283
513726
395659
395476
422690
303869
529354
384980
432505
374184
345142
389925
629055
405508
351151
389925
426165
300234
332639
576167
288516
427492
340467
420766
274909
346875
333558
369388
354238
436326
485140
293038
259821
419134
566073
448650
519920
427357
299214
442751
283597
