394426
333291
520936
403831
514924
512645
233575
251544
452195
341116
562062
379995
375114
407557
502263
361190
493281
474338
534198
509640
358619
325747
300373
378362
322228
281277
421251
377906
541426
324222
287965
302652
406599
291651
378147
368749
323599
519725
406599
368312
395233
365314
430123
492892
322753
405491
510201
548975
375878
260310
307439
423652
466018
313771
537638
391521
432579
478172
384493
331730
222820
335228
466216
435233
348744
375926
607131
303363
314501
449621
306235
478172
500917
299166
441566
248919
417329
292460
439528
377906
546873
417329
443729
465512
313144
448136
317699
436330
393502
564930
264664
408473
302988
414470
521426
556375
517781
466877
431492
241001
436623
360645
288905
452195
439528
353358
477491
213664
310591
379621
470503
302339
309730
353358
530773
379995
442686
513400
478924
479156
458384
292460
306235
478568
541426
417427
367569
277290
273256
377906
352422
275225
333064
555232
236441
270793
430123
470412
415891
449869
432579
309382
454797
448136
465512
305595
538152
454029
477850
417329
302339
348527
247221
572838
313771
317058
352242
371038
313631
344006
282636
224762
422798
263361
358619
470503
408040
302140
322859
467414
313631
234536
541584
422798
475251
430692
394487
516678
505380
540349
344119
441540
492892
350891
315224
433980
450505
437144
389048
434790
350502
421410
552493
373693
481127
527954
555332
481163
382890
361221
389754
351071
503375
415292
454029
389754
500917
300373
338281
338281
507039
461120
303115
502263
511786
430687
408473
512883
416244
354622
406599
350828
226800
423652
459691
325107
347815
532217
225655
472586
436330
407557
338754
571588
262315
373988
449869
507550
380811
361221
259542
447720
322753
329117
468534
519725
379995
403831
411092
361190
376780
382890
329179
580677
444869
352242
309133
282636
457872
468354
305356
363463
380811
374433
390305
489840
568839
309382
331730
427034
478924
367569
386784
338281
529440
259542
264664
555804
373988
375641
492892
360133
439472
485741
276697
427034
406599
359259
322859
235671
381612
479156
283001
333879
500548
439528
461507
466216
391521
461403
340238
538152
498414
426696
570383
439528
371346
493140
512722
490871
354622
384493
566263
511786
348527
453837
466417
485895
466036
522722
525958
306235
257649
344006
453837
579309
454797
370205
511786
359219
384761
207358
333879
417242
459642
478568
391521
434757
355482
217848
363463
619871
461256
296583
279922
436330
310328
276268
565066
317148
466877
410570
415891
344094
348527
310505
353135
511865
434790
243698
359609
355482
325282
525958
365314
323599
378505
434757
403831
353135
391238
414470
293780
569841
332121
287424
363463
439636
434757
359609
455442
375313
455442
323599
434790
313771
576922
468354
407950
407777
321928
506211
421410
286660
363463
432579
412842
373693
365314
394487
373988
251451
348744
430692
333879
352422
514924
302988
481127
261948
376195
453635
461139
407950
287424
403831
378505
353135
466417
435230
246174
354622
534198
452834
546900
546873
453837
436710
485295
351071
447720
353135
505380
386784
442686
359259
373988
397022
479675
410570
449955
395343
430123
592662
529043
520936
416244
314501
322753
353358
458384
317557
521426
474338
364753
254581
488886
426757
389754
240992
211731
313771
246110
389754
426696
322228
351071
307177
267607
315224
403831
286660
341315
322228
373988
447720
353554
421251
408940
490871
418468
452834
408473
439560
467414
366387
309730
393041
302988
353554
441566
477491
420968
522776
375878
410570
209461
433604
313144
461403
435136
473850
446093
483292
360679
382890
485295
351102
431492
286940
377906
466877
442686
500135
352242
341315
353554
305356
323944
447692
360133
547967
478172
281541
394487
375641
313664
461403
378362
408473
272648
380307
365314
447720
420968
211071
384669
543055
333333
323599
353358
421251
365861
456136
317557
384761
323599
500917
470818
384761
426757
217848
412842
212307
503473
323944
255636
275549
583351
253282
361190
363463
438631
439636
354716
360133
431158
376833
313631
360645
535187
381509
323944
443729
270793
315224
540730
432823
386642
241001
477491
436783
363463
417242
381509
422798
468354
335228
329179
403797
309730
427034
439528
500446
503753
405491
570248
530685
371346
495862
403797
325107
276510
406630
355482
453635
441782
375926
456399
353135
433980
251544
513400
376780
373369
408473
544445
478924
535187
407950
475251
287607
286940
374157
513107
406599
573856
435136
508854
390305
576006
592662
338700
497163
485741
363576
505380
452834
438010
417242
576922
442686
536399
436623
325282
333333
358619
439560
379621
456399
441566
503473
406630
511865
434152
598217
307177
550671
374157
324486
461139
313771
525169
384493
521154
408040
374433
371864
556214
390305
368749
374364
554080
556122
423963
371038
508223
377208
310328
391521
537638
489840
375313
440753
288947
441566
338281
439560
406630
490750
487208
281277
552949
493281
351071
527165
423652
391948
384669
433980
338281
447692
333333
326679
353358
376195
430692
477850
297958
430123
417905
384761
394487
356843
547967
349620
439472
381509
251544
390305
417588
483660
417329
375878
310783
449621
287607
341116
565066
476116
233575
364753
488886
457872
283001
438631
307177
339392
559292
411092
332141
371038
467103
341116
244422
580430
461403
609327
430687
467103
352242
385747
436783
273574
450505
379621
554080
417427
375313
272612
522722
562192
354716
483660
423652
466018
374157
211339
570383
251567
571081
495862
455951
374433
407557
421410
511786
278730
256162
394487
426757
366387
307439
338281
448136
430687
535788
363576
260277
548984
470503
422798
313631
393502
334422
439560
470818
222820
300373
308738
415292
307439
351071
503375
426757
393502
324486
468354
507550
478568
204052
361190
370129
428832
439472
468534
414635
352422
344006
447720
505380
322753
338700
476116
461120
232938
352422
303363
317148
582109
273574
273562
354484
267965
537875
339392
531553
267607
368312
580677
341680
458384
403831
447563
447563
414470
302652
483292
447563
538152
423891
426757
297982
302652
381509
360133
384761
408473
491663
363576
510201
396405
417427
435136
529440
384493
380811
435233
393041
509640
335946
441782
307741
551032
586320
291651
458384
522776
512645
450778
568473
313771
417539
344094
351102
339286
231934
395343
283001
407557
507039
350891
259542
481163
313664
508223
540730
455951
483660
363576
265101
433604
439528
353554
354716
360133
353554
456403
439636
466803
485895
454029
361190
507609
530685
370205
423652
534198
591087
456403
507883
568473
450778
461771
564930
456399
406599
365861
423652
359219
485741
359259
438631
356843
509640
387588
567435
520936
384669
375641
365052
378505
467103
450505
430687
489329
408940
273256
559644
407777
407777
455442
556707
356843
461771
317557
483660
443993
235483
557831
410570
468534
444869
432579
507039
447692
289197
276510
421410
507883
396559
332141
324486
368749
332121
408473
356843
453837
420968
569841
500446
323944
477491
360679
452195
417588
492892
439528
527704
503375
358616
443993
552949
