246930
433818
414069
419123
297878
388909
290551
314255
466884
320264
280632
444705
323413
434955
404330
458127
435420
291668
337802
475965
438620
495354
483070
559659
490187
458127
475122
393600
304707
418499
460666
400998
445620
240935
532590
347144
270087
397694
268078
420406
309681
487794
355766
391531
417407
325222
435081
299142
473849
525719
349313
330708
355067
300836
315247
300836
551568
346889
517195
512576
351497
444705
412476
603756
557526
459513
329803
521263
314255
441910
402288
512576
361581
368015
451410
342848
412476
273877
323351
249709
355766
463759
427790
483440
485278
356717
356084
342848
444673
381257
426109
343194
384159
455941
518907
419123
546463
362221
483440
266937
562457
404800
430974
271500
491075
365335
517572
432908
452950
428218
510900
346963
507626
437352
424100
336265
399707
431872
519684
541732
430974
475965
484462
363123
552833
536637
434149
426702
380040
391531
420406
404800
566510
486779
369716
467059
463759
473849
417936
330307
478482
371056
438620
291272
364599
480649
495354
304815
321611
464031
350401
376769
491572
678179
315264
301081
503512
461541
464031
461541
348344
586880
416741
475120
425216
312997
258409
347788
486827
577557
552209
402739
388909
363243
461143
487859
442201
477038
436683
304707
338163
455441
306345
475720
381947
442067
259380
391264
473849
404644
412476
309681
418006
380355
365816
459047
320451
434149
442067
501794
454296
499973
400998
400998
323351
468746
548749
349313
426109
409356
501245
341563
464031
385982
303254
507190
437352
323829
409659
327274
456053
434149
483400
283330
391846
404644
350211
400998
520971
496911
439653
328396
412476
481881
239677
480191
392811
330708
308617
400998
316337
487794
508915
347573
262517
304337
551341
526675
444387
265148
429423
503523
241318
467462
400180
392811
444673
351745
388089
307909
387400
472736
415844
434955
304065
381828
505246
426109
455941
381688
387531
559432
463316
364891
392811
445776
430527
435081
605172
500655
437352
462726
399140
353236
388089
425216
296129
342708
487330
404644
458971
459259
517572
304707
251177
289392
483070
425749
377126
399763
303308
486827
375727
314255
426702
455941
388707
349084
347569
314255
296347
512041
481881
508281
387531
450150
352160
379624
528217
461541
507190
466884
312436
489615
300836
310459
312436
318258
270087
503791
557724
356084
459259
283801
412476
487645
386710
258526
442067
452333
415844
392811
354275
402826
377356
516161
387400
420448
270087
320451
442905
289392
404800
370860
283801
315264
530502
551797
322665
516161
442067
387531
468746
297061
461143
350211
387696
397694
342324
423481
418592
475720
414069
496893
443803
424100
303308
421950
380249
299142
342848
347144
400180
396489
519684
294439
294923
371056
489965
514732
322611
472736
528274
488016
409659
363243
402342
439653
391846
442067
364891
266937
492673
455441
388089
365816
420119
331599
428349
414283
409248
443411
338163
363479
388707
501794
579065
428218
381688
404330
437357
474704
531958
433818
297039
375727
486827
468746
557724
328526
443411
259236
266282
391264
381688
586402
477038
544037
325222
602551
402844
404343
304065
325222
377356
369716
396143
442776
442201
463316
391846
454296
441910
467462
303308
236158
386264
376769
376769
487330
365335
353245
229828
528274
345334
338163
367205
545541
505917
402826
508915
355766
391531
430914
412476
437357
525719
389271
552209
380355
507626
510419
403068
290551
256302
396143
491075
339070
505917
462602
336900
377126
451410
520971
421950
498893
386264
254369
536637
475720
436683
467462
381257
317540
294439
491593
430527
387531
505917
537827
345334
470821
515227
430718
282470
541738
377595
464031
329144
541738
417936
322679
488016
491572
499973
442905
342324
505246
352160
500257
384773
365816
391846
537827
389271
380249
386710
416741
335532
455941
452333
379069
318128
404330
461541
425749
414283
389271
458928
400239
489965
503938
441077
414283
348344
388707
379624
352160
403068
363123
337791
381688
430914
501794
556200
535289
561564
442776
405982
489965
466884
527110
466884
402844
404800
442201
432908
442671
449625
345334
469757
313348
459259
346577
409248
450150
435420
451104
334751
466884
458127
373760
361581
470821
565402
362778
343656
467059
289674
565828
565853
215566
487794
402844
466660
485740
419123
457305
510900
430914
465211
488016
503523
336900
405581
487645
435663
347144
268078
378255
420119
304761
480760
509771
285778
445620
426702
507626
565402
517572
482299
430718
457305
474704
275283
402844
419123
387077
405982
337791
388909
350211
366697
289678
466884
417420
230121
522753
272023
492837
368015
404644
471854
253798
396489
424100
401128
309681
380249
351471
323351
496893
521263
473627
481881
351471
400998
484462
353749
492673
351745
273877
343194
411740
351263
578820
445776
398488
386710
365816
356717
466884
495672
445956
483281
271500
532590
481608
471854
391846
460666
417407
386710
437352
342848
473627
342324
410508
342324
460429
442905
454296
498028
355591
505917
486827
541734
327749
471854
275962
306345
489965
487859
530502
367843
286072
368259
308349
317540
425216
435420
510419
402342
355591
353749
541732
569136
386264
341470
518907
355067
421950
554851
592339
285385
335532
338163
387400
232861
243867
246930
363479
542184
432908
384773
203079
391846
416741
501953
277264
503523
487645
348344
528336
557724
369716
355426
386264
556200
496911
557022
388089
327502
482299
417936
425749
414283
463316
557724
379624
414283
293325
317788
388944
426187
501794
297878
381947
328526
424100
399763
277212
460397
514732
348344
557724
403068
449625
380249
429034
559742
393600
327749
282470
486779
391531
388707
368015
430527
377595
387531
560306
263016
297878
388909
430914
362778
320474
536637
363243
473101
445956
391846
426702
440148
363185
434955
351471
463759
418592
524573
421950
388707
510900
419123
480649
389271
402092
423481
336900
300836
450150
572617
346889
443411
489965
461143
444387
399707
388944
454296
420448
475120
425749
429423
237244
477038
431872
346963
283330
480649
399140
367205
376769
278588
498028
379069
495354
451104
404800
286648
473849
541783
373760
265342
288980
347062
387400
251087
265148
596204
291454
351527
400239
330708
567863
418006
456053
467462
363123
428609
475120
415844
500655
398488
340867
482299
486779
280632
361581
461541
375727
471854
457305
396143
349084
487645
421156
348344
368259
263588
383022
433818
447580
459259
593728
381947
346963
452333
335271
460397
442671
480649
477038
519907
381257
520971
320168
486779
306345
347569
370860
252257
518907
503491
425216
565853
316337
519684
444673
355591
458928
542184
280632
411740
516661
492837
478482
444387
419940
418499
420708
376769
508281
418006
442776
483380
432908
437352
487645
312997
402844
353245
317788
420406
444673
362221
399140
419123
397768
402092
440148
460397
475965
428609
461541
335532
300074
374299
298800
286636
421950
402342
467059
426187
336900
504285
321611
376769
457305
545086
362778
492673
329803
404800
303254
337791
