669335
-1
666784
687685
-1
844667
-1
764175
612989
680437
-1
676055
847613
798121
919492
-1
-1
-1
-1
612989
-1
950455
-1
736866
645004
768464
-1
491168
765438
913977
770333
764175
628709
628709
603905
628709
-1
799652
-1
741371
827024
-1
-1
837456
628709
612989
-1
764175
913977
-1
-1
-1
770128
-1
-1
-1
-1
741371
-1
669335
602525
-1
837456
633112
890660
950633
633112
854526
-1
919492
-1
-1
596924
611430
843348
683874
-1
917183
510718
747480
-1
-1
736866
-1
612989
711368
780236
633112
834059
612989
-1
-1
741371
737129
-1
837456
711186
551440
551440
-1
-1
810813
947215
-1
731415
564001
890660
764175
770128
-1
-1
743653
-1
-1
711368
919492
-1
612989
-1
818664
-1
603905
633112
803026
645004
818664
612989
797014
632435
197320
628709
-1
890046
-1
726271
564001
895733
-1
-1
-1
602525
-1
919268
612989
-1
-1
628709
-1
564031
814940
795928
693307
711368
612989
-1
764175
731415
-1
811830
551440
-1
837456
815302
-1
764175
-1
-1
-1
612989
-1
936708
-1
-1
770128
628709
838650
785451
-1
628709
693307
-1
-1
768637
-1
-1
-1
-1
959416
-1
-1
890660
-1
837456
612989
770128
633112
-1
764175
645004
645004
936708
612989
491168
-1
-1
726817
788676
-1
912977
633112
-1
-1
726817
669335
988510
-1
-1
818664
595864
780236
-1
825572
-1
-1
936708
-1
-1
-1
-1
628709
869063
700771
795928
-1
-1
628709
-1
931965
-1
612989
-1
837456
-1
-1
736866
-1
946606
869063
780236
477926
-1
-1
-1
628709
-1
-1
850935
764175
803026
-1
949373
648326
913977
-1
628709
917000
747480
-1
-1
946606
825572
731415
628709
-1
595864
-1
-1
-1
837456
-1
856084
-1
628709
-1
904158
645004
825572
726817
595864
799652
-1
510718
-1
607024
-1
-1
-1
-1
741371
919492
-1
837456
612989
-1
-1
-1
837456
711186
850620
837456
-1
680437
551440
710717
-1
771560
-1
-1
-1
988510
-1
759356
772177
-1
825572
-1
797014
721058
819739
765438
696681
837456
786231
711186
837456
-1
913293
837456
785451
-1
991503
894753
607024
919268
-1
919991
-1
676350
669335
-1
783842
-1
919492
917000
-1
825572
-1
919492
840440
803026
825572
628709
-1
551440
-1
941500
685524
-1
950867
518163
768464
628709
-1
879307
628709
650050
669335
-1
-1
950633
891016
936708
-1
840619
-1
628709
580272
736866
612540
-1
847613
-1
879435
764175
700771
-1
950867
628709
-1
-1
815302
651813
693307
612989
946606
510718
768637
-1
959416
837456
-1
612540
669335
736866
669335
-1
645004
768464
861188
-1
790480
550635
551440
818664
894753
696681
-1
696681
648737
-1
-1
711368
-1
785451
746040
-1
628709
633112
-1
837456
-1
719899
693307
-1
876804
628709
933115
628709
-1
-1
772177
-1
891016
-1
919492
783842
-1
579281
-1
-1
-1
785451
768464
628709
-1
-1
-1
645004
933115
850935
612989
612989
-1
913831
811504
-1
-1
870986
322406
891016
-1
891016
602525
612989
612989
603365
612989
628709
-1
-1
-1
-1
594313
-1
916307
680437
768637
919268
773012
788676
837456
-1
-1
-1
669335
633112
936708
-1
-1
633112
919268
628709
491168
825572
-1
736866
933320
550915
-1
612989
-1
949373
838650
913293
-1
551440
941500
779826
788676
-1
612989
-1
-1
773012
795928
612989
963810
-1
-1
669335
759356
551440
975788
814489
795928
645004
647349
780236
711368
746040
814489
850935
-1
628709
-1
-1
606638
736866
-1
510718
-1
-1
612989
-1
-1
-1
633112
818664
368800
975788
795928
-1
645004
681565
612989
628709
-1
612989
-1
-1
736866
795928
731415
-1
-1
825572
-1
-1
-1
-1
838650
708495
510718
-1
683874
913831
788676
-1
-1
-1
607024
736866
721058
-1
794028
612540
612989
741371
-1
913831
799652
750522
818664
-1
849282
764175
612989
-1
-1
-1
818664
895733
-1
912977
687685
-1
-1
-1
-1
726271
642642
669335
850935
798121
-1
632435
914752
844667
-1
549364
510718
837456
-1
946606
946606
-1
917000
818664
666784
-1
794028
-1
848215
-1
-1
622385
-1
949373
-1
711186
628709
732569
669335
551440
975365
603905
917183
-1
612989
818664
741371
-1
924855
721058
603365
-1
-1
825572
669335
825572
731415
628709
-1
946606
-1
890571
736866
771560
-1
-1
645004
-1
-1
-1
-1
669335
779826
696681
-1
-1
-1
770128
818664
783842
-1
741371
890571
811504
-1
844667
736866
711186
-1
785451
-1
798121
612989
-1
473256
489841
891016
-1
-1
-1
628709
628709
798121
633112
-1
628709
736866
-1
612989
-1
890660
879435
933115
904158
919492
612989
797014
764175
681565
-1
990468
770128
-1
-1
551440
768464
759356
-1
933320
-1
653975
777973
731415
913977
-1
-1
-1
-1
933115
-1
615317
701318
-1
914752
-1
736866
632435
815302
-1
396637
950867
-1
773012
891016
795928
854526
-1
-1
-1
944822
612989
736866
780236
870259
-1
710717
-1
-1
-1
-1
669335
489841
-1
-1
651813
946606
633112
688820
770333
765438
-1
551440
-1
711186
795928
736866
551440
788676
303822
-1
891016
-1
645004
736866
-1
-1
-1
736866
975788
788676
-1
-1
759356
633112
790480
850620
-1
628709
803026
-1
-1
917000
731415
-1
-1
711368
510718
551440
811504
919492
-1
950867
891016
-1
-1
-1
890571
818664
551440
788676
628709
772177
-1
837456
-1
-1
551440
-1
-1
612989
669335
-1
726271
810813
731415
-1
788676
-1
-1
913831
-1
-1
551440
914752
-1
949373
862795
-1
764175
743653
711186
917000
764175
551440
-1
-1
731415
931965
-1
844667
-1
764175
-1
837456
612989
-1
-1
-1
917000
-1
764175
-1
628709
628709
632435
736866
-1
819739
-1
975365
731415
-1
-1
-1
-1
-1
788676
-1
818664
808275
-1
791504
586102
-1
-1
450245
-1
788676
854526
850620
526385
850680
-1
-1
764175
931965
771560
800360
743653
612989
790480
913977
615317
-1
-1
933320
-1
669335
840619
510718
-1
-1
736866
736866
-1
879435
-1
844667
-1
595864
-1
666821
711186
693370
-1
861188
-1
-1
-1
-1
669335
914752
473256
710717
837456
-1
628709
612989
894753
815302
645004
628709
-1
795928
-1
890660
-1
-1
-1
-1
491168
726817
645004
612989
-1
919268
