779185
-1
-1
546462
-1
-1
-1
-1
855759
-1
-1
612040
-1
878625
776851
-1
-1
901377
888936
-1
763915
-1
689989
770312
685413
871810
725146
656905
693712
-1
-1
943964
776851
-1
-1
-1
568264
584466
761159
763915
773276
606493
776851
-1
-1
565679
636047
-1
-1
888936
-1
-1
584466
-1
774149
677895
696382
988328
-1
-1
-1
-1
-1
839206
-1
721836
642417
-1
-1
610443
612040
761159
697349
891489
640143
-1
584466
612040
-1
-1
785703
881979
556759
839206
612040
365747
984782
-1
776851
688191
761159
-1
814634
833268
-1
-1
-1
-1
891489
893872
656905
-1
656568
985641
612040
839528
979456
-1
761159
694041
-1
-1
784514
-1
-1
-1
984045
947832
718429
984664
761159
731627
-1
-1
482832
888936
-1
777977
990140
-1
694041
636047
642417
647882
-1
693712
-1
776574
-1
773276
942979
667928
-1
988328
697349
-1
621587
-1
-1
983946
667928
901377
-1
901377
825118
835209
-1
761159
-1
839231
-1
660804
888936
-1
693712
850390
612040
979204
571337
847825
739344
584109
-1
-1
891489
-1
583523
595690
807386
630565
785703
-1
901377
-1
761159
761470
688191
839206
-1
951791
694684
-1
943964
-1
-1
-1
990140
-1
-1
697349
839206
811287
814798
463115
-1
670424
891489
839528
-1
584466
568264
839206
888150
584466
-1
544877
-1
989239
-1
761159
547282
-1
-1
705282
-1
947832
814634
584466
665460
878625
-1
-1
705282
-1
959471
932585
839206
-1
828060
828060
-1
984045
853624
-1
826983
-1
-1
773276
-1
979456
776574
990140
656905
693712
-1
-1
901474
839206
-1
693712
-1
761470
770312
490612
-1
-1
-1
888936
902354
839206
612040
839206
761159
755302
682877
738456
835209
825118
773276
941013
-1
976914
839206
-1
-1
984045
537882
888936
839206
-1
833268
682877
-1
-1
680926
556759
814798
-1
979204
-1
776851
-1
656568
693712
891489
990140
-1
-1
753694
738456
348209
825118
857952
761470
737645
597673
688191
847825
584466
-1
597673
790074
785703
-1
571291
-1
628942
-1
839206
992059
689524
984664
761159
-1
901474
636047
-1
985641
951791
689989
-1
-1
785703
-1
726590
693712
888936
-1
-1
-1
888936
777977
-1
951791
682877
814573
688191
660804
891489
718429
642417
584466
-1
-1
682940
901474
680926
-1
478294
568264
584466
-1
845863
-1
-1
-1
-1
848777
648367
-1
839206
736399
992059
584466
763915
-1
839206
833268
979456
785703
984664
755302
776851
839206
-1
-1
-1
621587
584466
942979
-1
988328
680753
811287
-1
-1
-1
776851
761159
992059
990140
825453
-1
839206
888936
597673
763915
584109
689989
-1
-1
-1
-1
-1
737645
835209
776574
773276
888936
947784
612565
-1
773276
718429
-1
-1
-1
-1
694684
937860
969914
-1
774149
702873
-1
-1
825118
774149
-1
748038
-1
854991
-1
667928
-1
990140
-1
-1
-1
776851
891489
990140
891489
-1
761159
660804
693712
-1
763915
-1
985040
677895
-1
-1
-1
-1
570617
770312
688191
731627
-1
888936
-1
662594
819046
-1
833268
-1
839231
943964
770042
-1
-1
-1
-1
-1
839206
-1
839206
-1
584466
-1
-1
773276
-1
612040
565679
-1
785703
-1
556759
-1
839206
-1
-1
785703
877961
610443
-1
742658
891489
517925
-1
-1
211854
612040
662594
636047
713545
761159
-1
839528
-1
-1
774149
-1
-1
-1
776574
855759
-1
636047
819046
-1
785703
-1
990140
-1
-1
761159
850390
-1
-1
947832
-1
584466
-1
-1
747930
805039
888150
-1
825118
825118
-1
612040
-1
776851
785703
544877
856242
-1
-1
893872
888936
595690
584466
-1
662594
341340
499132
773276
833268
731627
688191
738456
704419
612040
771208
649213
-1
693712
-1
-1
-1
-1
766512
-1
-1
-1
-1
636047
-1
697349
530275
890388
761159
-1
748038
642417
903793
-1
-1
-1
-1
-1
-1
779185
761159
-1
842215
992059
871810
649260
819046
565679
871810
814634
556759
680926
888936
584466
-1
-1
-1
891489
-1
-1
856242
-1
-1
862775
891489
753694
891489
761470
612565
612040
731627
901474
951791
725146
888936
901474
-1
-1
662594
656905
675229
-1
-1
839528
-1
822541
-1
814634
642417
584466
773276
-1
636047
878625
642417
917134
640143
665460
-1
702873
839231
923728
984045
-1
842000
-1
721836
693712
737645
-1
649260
-1
943964
738456
923728
891489
-1
891489
612040
-1
-1
-1
648367
947832
612040
-1
891489
763915
584466
-1
979204
649260
708269
-1
-1
-1
-1
621587
694041
-1
-1
-1
612040
785703
776851
667928
-1
577370
-1
-1
-1
-1
731627
630565
-1
761159
785703
-1
665460
773276
814798
685413
565679
-1
584466
-1
742658
785703
878625
725146
-1
825453
970151
636047
666998
825118
642417
630565
785703
731627
-1
888936
662594
-1
-1
-1
825118
947832
891489
785703
-1
785703
891489
776851
763464
-1
761470
-1
-1
891489
-1
-1
761159
890388
807386
850390
685413
779185
649260
-1
-1
584466
-1
636047
-1
-1
-1
-1
839231
-1
-1
656568
891489
584466
-1
784514
903793
620491
-1
584466
-1
959471
761159
742658
-1
888936
-1
984664
828060
890388
584466
571291
814634
833268
-1
-1
642417
-1
-1
754896
862775
-1
612040
990140
694684
-1
612040
947784
662594
-1
565679
584466
-1
584466
839206
-1
-1
862775
895312
621587
-1
-1
-1
738456
568264
-1
987590
990140
643897
568264
642417
515728
-1
731627
656568
607807
-1
656568
-1
763737
-1
785703
-1
891489
761159
857952
982054
-1
784514
-1
835209
-1
773866
689989
839231
636047
-1
-1
748428
923728
-1
584466
688191
990140
895312
766512
990140
-1
515728
-1
-1
731627
731627
-1
584109
680926
-1
471485
-1
878625
907994
761159
463115
-1
825118
-1
947832
662594
822459
656568
-1
888936
-1
-1
888936
510335
584466
-1
-1
774149
682877
770312
893872
903793
-1
584109
600478
848777
763915
761159
890388
636047
-1
826983
-1
693712
705282
-1
948509
-1
819046
-1
-1
776851
-1
947832
776851
888936
584466
-1
-1
947832
-1
-1
-1
612040
-1
755302
976914
-1
-1
738456
833268
705282
-1
-1
556759
584466
-1
708269
612040
-1
642417
888936
-1
862775
680753
682940
-1
-1
-1
888936
693712
693712
471485
628942
987590
774149
891489
-1
680926
937860
