585046
729894
693157
736162
951950
-1
-1
608961
-1
-1
-1
-1
936704
708572
-1
721958
-1
940433
858137
-1
-1
749417
666966
666966
-1
749417
-1
701507
996777
928209
699624
-1
-1
-1
703034
622519
567679
-1
736420
912468
-1
622519
-1
954287
732093
852557
-1
838017
727518
-1
735966
-1
965665
-1
-1
-1
858137
623090
666966
749417
668833
-1
682887
689256
614679
-1
-1
920392
701507
622519
806567
699624
-1
806567
622519
-1
622519
953734
881420
-1
-1
763798
-1
-1
666966
727518
-1
-1
953734
-1
687770
612692
622519
888693
925041
610226
775735
661636
464009
732093
858137
561809
968710
699624
752107
985347
934869
-1
539374
585046
-1
464009
-1
622519
-1
-1
664734
-1
689256
-1
783590
622519
666966
-1
859941
622519
671975
-1
614679
622519
789995
622519
-1
-1
622519
-1
699624
762161
-1
-1
-1
-1
-1
937527
693157
634249
-1
693157
854531
897890
-1
689256
951950
-1
-1
622519
703034
711058
869970
928209
937527
-1
847076
668374
798448
561809
639673
-1
-1
858273
736162
752107
934869
-1
622809
622519
703034
752107
-1
729894
-1
634249
477309
666966
783590
561710
699624
631484
697370
622519
-1
826642
798448
-1
748310
-1
-1
600779
920392
-1
622519
932759
622519
-1
622519
622519
622519
682887
-1
585046
994046
680116
683963
673230
-1
970287
612692
-1
594010
622519
585046
934869
693157
-1
-1
622809
934869
634249
-1
-1
-1
891038
880873
858137
968710
731069
703034
-1
661636
-1
-1
994727
972165
-1
561809
729894
-1
668374
622519
-1
682887
-1
703034
881420
676991
913543
928209
970287
-1
-1
585046
-1
953602
-1
-1
-1
967182
749417
-1
-1
-1
-1
-1
-1
-1
888693
736420
-1
734460
-1
-1
-1
-1
-1
775735
723698
-1
697370
858273
-1
749417
885241
749417
-1
622519
-1
704631
-1
546701
622519
719746
-1
622519
-1
-1
-1
-1
-1
-1
-1
622519
693157
736420
-1
-1
622519
693157
-1
-1
-1
-1
701507
622519
-1
-1
-1
954025
698675
-1
994046
-1
752107
-1
634249
837632
622519
585046
-1
-1
-1
568756
897374
723698
752107
689256
659496
-1
703172
634249
614679
585046
729894
888693
622519
689256
-1
753810
-1
729894
985347
996777
-1
622519
-1
-1
-1
985347
769245
777966
622519
-1
826642
752107
622519
668374
-1
-1
-1
-1
727160
-1
723698
858137
704631
957542
-1
872299
-1
600779
-1
985347
600779
-1
752107
-1
-1
614679
920392
809148
622519
-1
-1
689256
708572
-1
666966
736162
622519
-1
-1
-1
502015
614679
600779
634249
-1
721958
623090
666966
666966
798448
-1
768453
957542
-1
-1
622519
634249
925041
689256
693157
940433
708572
736162
-1
588671
676991
-1
741072
600779
847076
994046
964821
996777
870122
664734
912468
891038
-1
951950
-1
-1
-1
780501
957542
-1
749417
622519
802743
-1
746777
682887
-1
634249
-1
622519
614679
622519
994727
666966
-1
622519
-1
934869
748310
641646
-1
703172
-1
848750
-1
693157
680507
668374
-1
955180
668374
-1
985347
634249
-1
-1
-1
-1
809148
-1
968710
749048
-1
-1
622519
-1
883780
872299
934869
666966
858273
-1
622519
600779
-1
-1
752107
-1
666966
-1
-1
622519
838017
-1
749417
693157
-1
762161
-1
-1
-1
-1
668833
-1
-1
806567
622519
-1
-1
666966
-1
-1
-1
610226
-1
968710
-1
845014
-1
881420
736132
600779
-1
-1
755422
561809
588671
585046
-1
-1
-1
749417
622519
-1
912468
-1
780501
701507
780501
858137
561809
-1
-1
-1
666966
622519
539905
789995
852557
-1
826642
-1
-1
660393
-1
994046
727518
-1
-1
-1
-1
614679
-1
-1
927380
731069
-1
736162
996777
881420
701507
-1
-1
-1
865945
985347
-1
-1
792654
732093
-1
701507
994727
-1
522255
970287
622519
585046
885241
-1
970287
885241
-1
622519
-1
897374
703034
777966
622519
689256
897890
913543
-1
585046
-1
664734
689256
622519
749048
-1
622519
-1
-1
-1
748075
-1
-1
964821
700724
-1
723698
622519
704631
-1
730941
-1
858273
913543
999436
913543
897374
-1
-1
693157
-1
897374
-1
985347
932759
689256
622519
749417
817740
911410
957542
-1
965665
-1
-1
703034
585046
-1
985694
622519
623090
-1
-1
893202
-1
746777
-1
979059
703034
600779
806567
622519
686376
622519
622519
-1
-1
934869
668374
775735
954025
852557
-1
858273
703034
622519
770628
838017
741072
925683
749048
708572
845014
622519
964887
854531
-1
-1
-1
664734
-1
-1
-1
936704
719746
622519
763798
-1
-1
280145
622519
-1
683963
689256
622519
-1
666966
881420
752107
-1
-1
932759
699624
703034
826642
-1
-1
845014
932759
-1
-1
783590
985694
826642
689256
645400
622519
-1
925041
-1
666966
622519
916941
668374
852557
624829
809148
-1
-1
753810
-1
-1
585046
970287
736420
-1
-1
-1
-1
-1
-1
-1
693157
847076
622519
859941
770628
677831
752107
606196
-1
622519
-1
858273
852557
934869
-1
693157
985347
753810
-1
697370
689256
492810
872655
-1
-1
622519
666966
-1
932759
-1
-1
-1
964887
606887
922269
-1
730941
-1
-1
-1
-1
954025
-1
932759
-1
622519
865945
588671
777966
622519
622519
689256
985694
965673
885241
854531
-1
-1
749417
613491
-1
641646
-1
-1
999436
-1
622519
-1
937527
-1
-1
806567
994727
741072
689256
729894
-1
700724
-1
999436
-1
682887
763798
-1
806567
703034
-1
872655
-1
2845
705588
585046
792654
-1
-1
697370
-1
852557
-1
622519
897890
-1
-1
845014
-1
752107
925683
622519
862888
683963
-1
911410
-1
931588
622519
854531
965673
-1
-1
985694
888693
703034
594010
-1
622519
622519
852557
994046
-1
-1
854531
897890
-1
699624
689256
-1
-1
670756
775735
781235
934869
645400
-1
937527
-1
-1
-1
925041
-1
-1
954025
561809
703034
666966
858137
737210
-1
622519
736162
-1
634249
614679
622519
585046
985347
-1
854531
622519
721958
-1
-1
719746
930054
999436
668374
677831
-1
622519
-1
-1
592696
634249
-1
-1
-1
444593
614679
752107
-1
-1
970287
-1
634249
588671
799549
703034
-1
928209
-1
-1
763798
622519
970287
408276
852557
858137
-1
-1
-1
622519
-1
622519
-1
606887
-1
736420
585046
-1
