654458
811448
-1
712869
736719
924409
866876
-1
985648
668569
-1
953612
-1
890632
979869
924409
778497
722321
-1
675567
-1
791014
806105
-1
978947
-1
583151
646740
-1
-1
556155
-1
-1
562255
654458
836196
-1
734487
-1
722321
-1
-1
-1
-1
668569
581063
-1
-1
-1
736719
581063
746453
-1
694178
-1
668569
-1
-1
736220
-1
581063
675567
-1
-1
583151
-1
583152
846547
675567
976530
-1
-1
-1
847372
567391
-1
984257
654458
581063
987091
656188
-1
625028
-1
-1
-1
581063
583151
956530
-1
825087
-1
767983
-1
-1
723629
-1
846547
567391
635486
-1
833937
-1
896311
-1
982481
-1
581428
-1
581063
771298
663032
884562
-1
722321
601824
736719
769602
-1
581063
956530
736719
978981
896311
747655
782207
573997
723261
847372
-1
-1
886638
-1
722321
-1
989233
-1
-1
794481
708133
517551
602868
976530
-1
896058
583151
988089
-1
763087
-1
583151
-1
813305
654458
594141
760559
583151
-1
829628
581428
886947
825087
-1
-1
581063
847372
811448
690521
829628
833624
877341
-1
611714
675567
723629
583151
581063
611714
-1
947638
573997
982481
581428
811448
-1
-1
-1
-1
675567
794481
602868
-1
982481
621523
583151
604921
962879
583151
994731
829628
978981
-1
583152
736719
806105
611714
-1
-1
-1
581428
-1
945055
-1
-1
690000
713334
736719
-1
787293
-1
-1
833937
984257
-1
602868
857982
924409
864392
-1
-1
-1
747655
736220
556155
635486
-1
988089
583151
-1
833937
-1
726557
654458
581063
787293
-1
-1
-1
-1
847878
675567
654458
675567
847372
900223
-1
927894
914252
-1
992681
845922
-1
-1
806105
-1
686373
-1
690521
843836
994149
-1
-1
722321
978947
516064
-1
985648
723629
-1
-1
602868
-1
602868
-1
573997
690521
890475
-1
600253
825087
896311
-1
583151
984257
749636
654458
732609
852935
-1
-1
635486
581428
581063
712869
-1
-1
847372
-1
-1
675567
611714
-1
805704
-1
673172
600835
-1
794481
583151
-1
-1
686373
847372
583151
813305
-1
654458
-1
763087
-1
-1
-1
-1
-1
-1
-1
732609
602868
-1
794481
-1
501385
581428
847878
927739
886947
635486
836196
581428
581063
654458
-1
847372
-1
654458
581063
-1
987091
778497
787293
-1
813305
675567
877341
581063
-1
878037
732609
581063
581428
896311
663032
-1
962879
-1
-1
567391
-1
994731
847878
984257
654458
675567
668569
675567
-1
805704
829628
668569
914252
900223
770715
825087
708133
-1
829628
621523
686373
847968
783975
-1
847372
947638
-1
890632
-1
675567
-1
847878
581063
917874
581428
927739
-1
631663
833937
726557
713334
813305
-1
736719
661121
681177
675567
985648
-1
-1
791014
654458
654458
-1
-1
-1
806105
870194
811448
982481
602868
746453
-1
567391
987091
924409
-1
-1
581063
982481
-1
886947
635486
747655
-1
883037
-1
663032
-1
611714
-1
726557
896058
-1
917874
877341
583151
602868
847372
723629
-1
746453
847372
829628
-1
602868
602868
688106
577199
-1
-1
829628
751012
602868
-1
987091
726557
539446
-1
726557
654458
833937
-1
652451
783975
877341
556155
-1
-1
778497
-1
741929
847372
976530
694178
-1
-1
-1
712869
833624
994731
-1
-1
-1
583152
635486
-1
987091
621523
615098
625028
769602
-1
-1
581063
-1
-1
-1
573997
814884
886947
900223
949663
736719
878037
583151
-1
581428
-1
829628
-1
-1
581428
-1
-1
-1
668569
732609
602868
-1
-1
654458
833937
-1
983405
818121
583151
-1
635486
805704
-1
654458
675567
-1
806105
819217
778497
994149
573997
900223
747655
-1
604921
-1
-1
550057
736719
-1
713334
611714
-1
-1
924409
884562
-1
917874
-1
763087
654458
-1
835332
732609
675567
847372
581428
-1
646740
661121
654458
-1
-1
581428
675567
949663
736719
813305
-1
-1
-1
-1
811080
668569
-1
884562
713334
-1
927894
668569
-1
866876
749636
-1
-1
626036
726557
-1
-1
886947
852935
-1
-1
-1
-1
691677
896311
-1
-1
251441
581428
-1
567391
-1
-1
581063
-1
829628
567391
-1
927739
-1
-1
901196
-1
635486
-1
-1
978981
960265
-1
927894
857982
-1
-1
-1
723629
-1
736719
833937
-1
-1
-1
675567
-1
852935
675567
-1
-1
976530
-1
-1
654458
-1
896058
550057
-1
825087
988089
675567
825087
-1
847878
811080
-1
813305
-1
956530
-1
962879
797114
901196
654458
602868
600835
793185
-1
539446
976530
747655
924409
-1
594141
640805
675567
-1
996046
976530
847878
952218
-1
734487
-1
-1
-1
-1
870194
-1
583151
-1
884562
-1
556155
-1
-1
-1
-1
825087
747655
573997
976530
810227
583151
896311
976530
-1
581127
602868
611714
-1
581063
-1
675567
870907
-1
778497
878037
-1
966390
567391
514195
747655
914252
635486
886947
694178
896311
818121
726557
847878
583151
654458
847372
924409
877341
-1
985648
661121
-1
583151
896311
630826
573997
722321
-1
833937
-1
825087
697334
-1
-1
-1
600253
-1
-1
947638
-1
607234
-1
652451
736719
-1
-1
-1
581063
573997
-1
583151
847372
896058
-1
675567
787293
890632
896058
787293
690521
-1
-1
654458
-1
596712
-1
847372
565851
-1
539446
846547
-1
661121
630826
-1
581063
708133
-1
896311
956530
864392
-1
-1
646740
527482
-1
539446
581063
594141
-1
611714
-1
-1
635486
583152
996046
-1
583152
-1
583151
819825
-1
-1
976530
604921
747655
890475
994149
-1
656188
-1
-1
982481
661121
581428
-1
652451
877341
635486
-1
870907
751012
691677
-1
602868
-1
600835
886638
-1
-1
-1
586420
-1
811448
651934
847372
929149
654458
-1
787293
976530
581428
703026
668569
843836
-1
594141
747655
607234
976530
-1
686373
829628
760559
-1
-1
-1
847878
-1
581428
-1
-1
581428
354794
787293
707130
-1
581063
-1
877341
-1
-1
-1
-1
-1
985648
761259
604921
668569
-1
-1
-1
675567
-1
864392
-1
-1
607234
976530
-1
732609
-1
691677
-1
602868
-1
835332
668569
813305
630826
-1
-1
-1
-1
-1
-1
611714
635486
887255
-1
602868
-1
-1
-1
987091
-1
-1
736719
-1
-1
847878
-1
654458
-1
-1
847878
983405
-1
556155
-1
-1
927894
-1
-1
550057
-1
896311
-1
581063
747655
-1
-1
927739
-1
583151
734487
675567
663032
