-1
-1
787985
660894
712856
-1
639897
-1
-1
683694
822333
605054
853749
717822
-1
-1
660894
717822
689069
751892
-1
685623
689099
824725
851226
-1
683694
970711
806266
660099
934380
748065
-1
927969
599644
806266
615290
-1
-1
751892
791412
-1
-1
578594
-1
689099
675479
-1
941834
847739
713415
902061
675479
675479
688837
-1
-1
727952
-1
599644
-1
-1
-1
762802
717886
615290
-1
703399
748065
863138
-1
639897
688837
666443
743087
-1
940083
704953
780212
-1
885203
-1
762802
717822
-1
954383
-1
704953
694305
683694
-1
966843
-1
816546
-1
955497
581465
822333
717822
770498
524302
599644
908714
-1
717822
853749
859864
980500
717822
676120
780212
683694
717822
703399
889957
751232
-1
-1
-1
605054
605054
-1
-1
-1
675479
748065
688837
717822
-1
689099
903371
688837
-1
933107
703399
-1
480395
743087
-1
519040
717822
-1
717822
-1
690383
-1
754848
-1
-1
653317
816497
851226
780212
751892
966843
743087
630712
780212
780212
615290
859864
-1
-1
-1
713415
649495
854504
683694
-1
-1
-1
919433
-1
-1
660894
683694
-1
920218
-1
-1
691860
-1
717822
549361
599644
685623
-1
-1
848572
903371
-1
-1
-1
-1
717822
717623
717822
908988
-1
774831
-1
-1
688837
908714
748065
713072
912840
-1
639897
859864
713415
-1
967521
-1
-1
-1
-1
743087
859864
599644
717822
-1
933107
675479
641776
-1
919531
717886
650588
904777
615290
-1
660894
-1
-1
-1
924720
717822
791412
675479
908988
787985
-1
739851
-1
-1
683694
688837
689099
739851
-1
903371
811193
919531
-1
-1
811193
411073
848572
717822
691860
473716
-1
747064
-1
970711
-1
683694
-1
919531
-1
-1
676120
660894
-1
703399
766382
859864
780212
739851
717822
717886
685623
640798
712856
727952
878477
628769
-1
-1
-1
-1
643785
806266
-1
599644
628769
762802
859864
-1
903371
709125
-1
-1
751222
927969
717822
710487
-1
934380
689099
866336
-1
-1
660099
474232
831390
689099
-1
683694
689099
599644
940083
717822
605054
831390
-1
-1
-1
676120
-1
-1
715937
-1
-1
-1
780212
816497
717822
683694
908714
744370
970711
868872
-1
-1
-1
-1
653374
-1
-1
599644
717822
966843
-1
903371
-1
-1
676120
-1
-1
822333
683694
-1
-1
831390
-1
-1
653317
830478
830478
-1
-1
-1
683694
649495
717822
-1
799580
660894
685623
689099
941834
688837
688837
-1
780212
-1
-1
605054
851330
780212
703399
717822
831390
689099
-1
830478
717886
683694
919531
-1
-1
-1
-1
-1
717822
-1
-1
-1
-1
-1
615290
-1
653317
683694
-1
920218
816546
998438
-1
-1
-1
615290
762802
641291
-1
780212
919433
-1
853749
-1
-1
-1
704953
717822
933107
594776
676120
-1
703399
799580
710487
720702
-1
-1
641776
-1
599644
-1
-1
-1
770498
717822
770498
908988
780212
791412
602540
-1
689099
945144
908714
683694
824725
-1
703399
853749
673756
676120
903371
717886
724124
994372
812580
831390
-1
717822
-1
717822
780212
660894
717822
-1
780212
-1
774831
980500
954772
717822
-1
859864
780212
-1
-1
822333
994372
-1
891435
-1
-1
712856
749335
920218
-1
685623
-1
-1
851330
717822
-1
-1
630712
-1
578594
-1
903371
-1
-1
599644
-1
-1
-1
599644
908714
688837
688837
822333
716329
717623
751222
859864
660894
653317
991830
-1
-1
697438
-1
919531
350198
675479
-1
-1
-1
705322
-1
701153
689099
903371
824725
-1
780212
851330
704953
885203
660894
-1
-1
934380
-1
-1
717623
-1
-1
613688
-1
830478
-1
-1
853671
824725
-1
-1
660894
902368
-1
-1
-1
787985
-1
-1
853749
628769
853749
780212
675479
710506
-1
994372
697438
-1
800625
871191
541871
717822
-1
689099
-1
599644
859864
-1
753805
717822
822333
578219
-1
-1
739657
822333
-1
666443
689099
-1
954772
-1
766382
806266
770498
-1
-1
753805
594776
-1
-1
-1
818881
739399
751892
799580
-1
-1
685623
660894
780212
751892
630712
822333
-1
685090
-1
660099
749335
934380
-1
808840
-1
-1
822333
863138
-1
605054
655904
703399
715937
605054
955497
844116
927969
780212
615290
-1
660894
-1
799580
954772
717822
787985
790147
770953
-1
639897
712856
-1
808840
903371
683694
717822
-1
605054
-1
994372
-1
417661
-1
676120
920218
859864
-1
653317
519040
878477
-1
-1
908988
945144
-1
-1
902368
713072
717822
712856
919433
685623
823111
685623
688837
643785
703399
594776
-1
827877
822333
-1
780212
688837
830432
806266
605054
791412
688837
-1
660894
717822
717822
-1
676120
605054
599644
-1
-1
-1
70093
709125
-1
844116
683694
-1
954772
683694
630712
-1
683694
739851
-1
717678
-1
-1
908714
-1
780212
-1
-1
717822
998438
823111
-1
599644
675479
-1
532157
743087
-1
-1
-1
-1
744370
739399
919531
-1
-1
594776
-1
-1
-1
690383
717822
-1
717886
599644
605054
772103
683694
965899
967521
853749
640798
717822
891435
808840
-1
-1
-1
-1
-1
599644
641291
-1
697438
859864
823111
-1
-1
894225
599644
675479
709125
688837
660894
-1
-1
-1
754673
994372
688837
703399
-1
724124
954772
793902
-1
-1
724124
7904
-1
-1
615290
689099
830478
689099
-1
717822
-1
810868
-1
-1
712856
676120
717822
-1
717822
-1
933107
882706
-1
-1
713415
954772
356595
-1
-1
806266
945144
-1
-1
754848
751892
-1
-1
-1
747064
640798
689099
919433
739851
-1
689099
688837
-1
830478
791412
-1
605054
717822
-1
-1
-1
-1
683694
851330
-1
906065
751892
717822
780212
-1
780212
-1
689099
-1
-1
826036
-1
871623
994372
676120
811193
927969
859864
653317
640798
747064
-1
-1
966843
688837
780212
-1
712856
628769
-1
-1
728240
908714
748065
-1
868872
728240
641776
-1
-1
780212
704953
710506
782229
641291
675479
683694
697438
720702
675479
-1
-1
-1
-1
-1
908714
823111
615290
878477
780212
-1
780212
701153
717822
-1
685623
-1
956574
717822
532157
-1
954383
-1
605054
-1
689099
683694
-1
641291
831390
-1
-1
-1
717822
-1
-1
919531
851330
683694
594776
780212
712856
688837
-1
-1
748065
991830
-1
615290
640798
683694
-1
675479
748065
688837
-1
-1
780212
-1
717822
916479
728240
903371
-1
-1
878477
689099
-1
-1
