-1
-1
-1
852428
-1
715892
-1
555412
-1
731179
409139
-1
625910
689344
948483
977186
-1
-1
887314
512391
-1
601016
-1
309495
-1
-1
793839
663357
868354
-1
702499
931239
911896
-1
728921
599820
-1
-1
884654
869963
944800
781067
-1
653694
-1
791697
653694
-1
-1
793839
555295
-1
-1
732483
931239
834548
680507
-1
771458
778725
551343
800303
893137
-1
759372
653694
-1
-1
864352
799585
783253
-1
784532
992133
-1
-1
663357
-1
932229
547091
844259
-1
-1
680507
402412
722980
864352
-1
-1
749424
952331
578649
547091
-1
389819
761193
914750
680507
663357
676190
970105
923595
961767
-1
797736
620336
675043
555295
754671
-1
726318
-1
600473
991874
-1
-1
526553
-1
-1
-1
-1
-1
672118
600473
-1
931239
-1
-1
-1
-1
722980
578443
732483
-1
-1
-1
811865
565377
957615
555295
547091
-1
486620
784532
709666
-1
-1
709666
672118
884654
585606
-1
-1
629051
-1
625910
-1
-1
834548
599820
731179
992133
649983
732483
577384
-1
-1
653694
886039
565377
811865
-1
814813
690348
-1
887314
599961
-1
-1
754671
464264
653694
822957
-1
-1
588051
814813
730588
754671
-1
588051
722980
811865
-1
-1
660343
816316
811865
637025
533402
784532
544321
-1
899346
961108
601620
709666
573280
-1
-1
-1
573280
932229
970105
-1
852428
811865
-1
555412
784532
811865
793415
732483
-1
585606
778725
-1
-1
709666
660343
931239
923595
593963
977186
700262
-1
944800
-1
784532
-1
939739
-1
-1
811890
771458
-1
-1
709666
712961
-1
542052
585606
-1
732483
367785
-1
722980
700262
546555
-1
653694
764963
-1
-1
-1
-1
-1
-1
-1
743867
649351
732483
599820
-1
828441
958350
-1
600473
-1
547091
844259
599820
-1
599961
629051
689344
-1
650246
599820
722980
886039
860569
961108
832503
819060
732483
931239
663357
800303
743867
-1
-1
735862
754671
600473
637025
-1
801337
-1
-1
-1
585606
970105
629051
-1
-1
672118
745181
-1
-1
-1
823170
936308
578443
961108
717422
555412
547091
599820
547091
-1
-1
555412
811865
-1
837407
-1
642170
-1
-1
824939
20423
936308
948483
601016
-1
887314
791697
672118
976152
712961
-1
555295
679368
834548
-1
-1
663357
-1
555412
799585
-1
993364
-1
660343
450096
700262
-1
-1
967021
599820
-1
-1
976265
-1
743867
860569
715147
-1
552883
759372
791697
797736
-1
700262
689344
778725
709666
811865
-1
625910
601620
764963
-1
547091
588051
680507
728921
-1
-1
788939
781067
-1
-1
-1
932229
732483
555295
-1
672118
-1
-1
791697
811865
-1
632135
-1
642170
-1
752327
601016
866345
931239
672118
-1
682703
599820
631284
-1
811890
660343
551251
599820
-1
-1
868354
886039
-1
680507
599820
761193
-1
778725
593963
-1
-1
868354
600473
680507
637025
-1
565377
745425
-1
555295
804183
-1
615272
599820
931239
-1
547091
547091
754671
561689
-1
864352
436613
-1
642170
709666
-1
629051
-1
923595
851091
600473
660343
-1
849509
811865
754671
807170
680507
-1
-1
593963
-1
-1
-1
745425
-1
642170
672118
671093
897119
717422
-1
599961
-1
512391
565377
-1
879796
-1
754671
-1
976265
715147
-1
601016
976265
565377
793415
547091
-1
-1
-1
-1
800303
704115
-1
-1
432555
891841
976265
-1
-1
702499
497410
769478
649983
599820
906991
783253
555295
939739
936308
781067
783253
-1
-1
-1
593963
875008
911896
-1
992133
680507
-1
851091
749424
783253
795308
-1
-1
722980
927906
713350
717422
885926
-1
886039
754671
-1
743867
-1
-1
588051
-1
663357
749424
-1
450096
660343
680507
-1
899346
-1
844259
599820
-1
933571
735862
672118
-1
-1
759262
599961
-1
764963
731179
961108
565377
-1
628113
961767
-1
-1
552883
629051
791697
759262
743867
781067
620336
-1
663357
632135
-1
991874
512391
-1
599961
799585
585852
-1
512391
690348
502664
-1
609105
743867
-1
631560
783253
886039
732483
784532
-1
732483
625910
700262
791697
-1
680507
512391
-1
804183
555295
811865
-1
-1
-1
700262
678984
773100
512391
-1
690348
732483
-1
754671
764963
-1
649351
499673
745425
-1
821265
793839
-1
551343
783253
927906
911896
784532
834548
732483
-1
728921
-1
743867
547091
578649
555295
-1
-1
-1
-1
864352
-1
-1
-1
663357
875008
992133
961108
807170
632135
-1
931239
-1
952331
585606
731179
785336
700262
-1
816316
678593
-1
931239
547091
885926
-1
593963
625910
-1
-1
-1
447607
-1
625910
625910
555295
680507
642170
811865
555295
464194
-1
600473
-1
680507
837057
-1
650246
787146
-1
509396
-1
754671
-1
631262
991874
-1
887314
-1
-1
-1
-1
599820
486620
-1
-1
866345
745181
764963
449176
593963
732483
791697
-1
-1
-1
732483
-1
512391
726318
-1
663357
631262
906991
977186
-1
797736
811865
-1
-1
752327
754671
547091
-1
996094
-1
869963
-1
631262
-1
769478
680507
807170
992133
547091
-1
629051
680507
-1
350016
-1
-1
642170
-1
788939
-1
891841
811890
961767
601016
-1
728921
-1
809853
-1
731179
474259
828441
631262
784532
791697
663357
593963
-1
555412
-1
609105
-1
745425
570259
-1
-1
970105
731179
931239
773100
649983
-1
585606
642170
680507
931239
625910
672118
700262
811865
627248
570259
-1
702499
-1
544321
754671
-1
993364
642170
-1
-1
542052
-1
-1
713350
-1
565377
530195
-1
724761
-1
599820
-1
-1
-1
-1
-1
724761
551251
-1
931239
675043
-1
576112
868354
642170
849509
-1
-1
-1
-1
672118
-1
726318
743867
585606
927906
663357
-1
631262
555295
932229
593963
773100
625910
735860
955478
-1
599820
-1
726700
704115
745425
497410
784532
885926
754671
709666
-1
965121
811865
-1
-1
-1
824939
948483
811890
599820
653694
-1
-1
-1
-1
-1
-1
909403
-1
-1
781067
-1
555295
680507
-1
-1
649351
891841
578443
585606
680507
811890
-1
-1
468478
811865
735862
868354
811865
-1
927906
-1
673659
-1
726700
909403
-1
642170
752327
675043
-1
769478
952331
-1
700262
-1
791697
-1
759372
752327
-1
-1
-1
-1
-1
609105
992133
-1
-1
992133
432555
800303
649983
-1
955478
593963
709666
821265
811865
588051
837407
-1
625910
754671
778725
743867
713350
625910
-1
997803
931239
799585
771458
-1
-1
